#
# There is insufficient memory for the Java Runtime Environment to continue.
# Native memory allocation (mmap) failed to map 193986560 bytes for G1 virtual space
# Possible reasons:
#   The system is out of physical RAM or swap space
#   The process is running with CompressedOops enabled, and the Java Heap may be blocking the growth of the native heap
# Possible solutions:
#   Reduce memory load on the system
#   Increase physical memory or swap space
#   Check if swap backing store is full
#   Decrease Java heap size (-Xmx/-Xms)
#   Decrease number of Java threads
#   Decrease Java thread stack sizes (-Xss)
#   Set larger code cache with -XX:ReservedCodeCacheSize=
#   JVM is running with Unscaled Compressed Oops mode in which the Java heap is
#     placed in the first 4GB address space. The Java Heap base address is the
#     maximum limit for the native heap growth. Please use -XX:HeapBaseMinAddress
#     to set the Java Heap base and to place the Java Heap above 4GB virtual address.
# This output file may be truncated or incomplete.
#
#  Out of Memory Error (os_windows.cpp:3769), pid=6460, tid=10244
#
# JRE version: OpenJDK Runtime Environment (17.0.6) (build 17.0.6+0-b2043.56-9586694)
# Java VM: OpenJDK 64-Bit Server VM (17.0.6+0-b2043.56-9586694, mixed mode, tiered, compressed oops, compressed class ptrs, g1 gc, windows-amd64)
# No core dump will be written. Minidumps are not enabled by default on client versions of Windows
#

---------------  S U M M A R Y ------------

Command Line: org.jetbrains.kotlin.cli.jvm.K2JVMCompiler @C:\Users\ahmed\AndroidStudioProjects\MusicApp\app\build\20230705_12907077101334928283.compiler.options

Host: Intel(R) Core(TM) i5-3570 CPU @ 3.40GHz, 4 cores, 7G,  Windows 11 , 64 bit Build 22621 (10.0.22621.457)
Time: Wed Jul  5 22:33:02 2023 Egypt Standard Time elapsed time: 18.307180 seconds (0d 0h 0m 18s)

---------------  T H R E A D  ---------------

Current thread (0x000002317782b220):  VMThread "VM Thread" [stack: 0x0000009f66600000,0x0000009f66700000] [id=10244]

Stack: [0x0000009f66600000,0x0000009f66700000]
Native frames: (J=compiled Java code, j=interpreted, Vv=VM code, C=native code)
V  [jvm.dll+0x683b4a]
V  [jvm.dll+0x842654]
V  [jvm.dll+0x843dfe]
V  [jvm.dll+0x844463]
V  [jvm.dll+0x249b75]
V  [jvm.dll+0x680a19]
V  [jvm.dll+0x674f0a]
V  [jvm.dll+0x309acb]
V  [jvm.dll+0x310f86]
V  [jvm.dll+0x3608ee]
V  [jvm.dll+0x360b1f]
V  [jvm.dll+0x2dfbf8]
V  [jvm.dll+0x2ddec4]
V  [jvm.dll+0x2dd4cc]
V  [jvm.dll+0x321f3b]
V  [jvm.dll+0x84893b]
V  [jvm.dll+0x849674]
V  [jvm.dll+0x849b8d]
V  [jvm.dll+0x849f64]
V  [jvm.dll+0x84a030]
V  [jvm.dll+0x7f25fa]
V  [jvm.dll+0x682985]
C  [ucrtbase.dll+0x29363]
C  [KERNEL32.DLL+0x1244d]
C  [ntdll.dll+0x5df78]

VM_Operation (0x0000009f660fd0e0): G1CollectForAllocation, mode: safepoint, requested by thread 0x000002315e36c4a0


---------------  P R O C E S S  ---------------

Threads class SMR info:
_java_thread_list=0x00000231785ea100, length=13, elements={
0x000002315e36c4a0, 0x0000023178432a60, 0x0000023178433520, 0x000002317787abf0,
0x000002317787b4b0, 0x000002317787bd70, 0x000002317787cc40, 0x000002317787e050,
0x000002317847faa0, 0x0000023178480bc0, 0x00000231785ed9d0, 0x00000231785e77c0,
0x0000023178610250
}

Java Threads: ( => current thread )
  0x000002315e36c4a0 JavaThread "main" [_thread_blocked, id=7500, stack(0x0000009f66000000,0x0000009f66100000)]
  0x0000023178432a60 JavaThread "Reference Handler" daemon [_thread_blocked, id=5768, stack(0x0000009f66700000,0x0000009f66800000)]
  0x0000023178433520 JavaThread "Finalizer" daemon [_thread_blocked, id=6624, stack(0x0000009f66800000,0x0000009f66900000)]
  0x000002317787abf0 JavaThread "Signal Dispatcher" daemon [_thread_blocked, id=11136, stack(0x0000009f66900000,0x0000009f66a00000)]
  0x000002317787b4b0 JavaThread "Attach Listener" daemon [_thread_blocked, id=7336, stack(0x0000009f66a00000,0x0000009f66b00000)]
  0x000002317787bd70 JavaThread "Service Thread" daemon [_thread_blocked, id=3596, stack(0x0000009f66b00000,0x0000009f66c00000)]
  0x000002317787cc40 JavaThread "Monitor Deflation Thread" daemon [_thread_blocked, id=1800, stack(0x0000009f66c00000,0x0000009f66d00000)]
  0x000002317787e050 JavaThread "C2 CompilerThread0" daemon [_thread_blocked, id=4456, stack(0x0000009f66d00000,0x0000009f66e00000)]
  0x000002317847faa0 JavaThread "C1 CompilerThread0" daemon [_thread_blocked, id=11968, stack(0x0000009f66e00000,0x0000009f66f00000)]
  0x0000023178480bc0 JavaThread "Sweeper thread" daemon [_thread_blocked, id=9008, stack(0x0000009f66f00000,0x0000009f67000000)]
  0x00000231785ed9d0 JavaThread "Notification Thread" daemon [_thread_blocked, id=2968, stack(0x0000009f67000000,0x0000009f67100000)]
  0x00000231785e77c0 JavaThread "Common-Cleaner" daemon [_thread_blocked, id=664, stack(0x0000009f67200000,0x0000009f67300000)]
  0x0000023178610250 JavaThread "C2 CompilerThread1" daemon [_thread_blocked, id=3888, stack(0x0000009f67300000,0x0000009f67400000)]

Other Threads:
=>0x000002317782b220 VMThread "VM Thread" [stack: 0x0000009f66600000,0x0000009f66700000] [id=10244]
  0x000002315e4204e0 WatcherThread [stack: 0x0000009f67100000,0x0000009f67200000] [id=3532]
  0x000002315e3c2850 GCTaskThread "GC Thread#0" [stack: 0x0000009f66100000,0x0000009f66200000] [id=7252]
  0x0000023178a8b580 GCTaskThread "GC Thread#1" [stack: 0x0000009f67400000,0x0000009f67500000] [id=4836]
  0x0000023178a5a630 GCTaskThread "GC Thread#2" [stack: 0x0000009f67500000,0x0000009f67600000] [id=4344]
  0x0000023178a7f840 GCTaskThread "GC Thread#3" [stack: 0x0000009f67600000,0x0000009f67700000] [id=11924]
  0x000002315e3d32e0 ConcurrentGCThread "G1 Main Marker" [stack: 0x0000009f66200000,0x0000009f66300000] [id=8008]
  0x000002315e3d3d60 ConcurrentGCThread "G1 Conc#0" [stack: 0x0000009f66300000,0x0000009f66400000] [id=8124]
  0x00000231776d9d80 ConcurrentGCThread "G1 Refine#0" [stack: 0x0000009f66400000,0x0000009f66500000] [id=2336]
  0x000002317a69d0a0 ConcurrentGCThread "G1 Refine#1" [stack: 0x0000009f67700000,0x0000009f67800000] [id=6308]
  0x000002317a69d660 ConcurrentGCThread "G1 Refine#2" [stack: 0x0000009f67800000,0x0000009f67900000] [id=1420]
  0x000002317cdab1b0 ConcurrentGCThread "G1 Refine#3" [stack: 0x0000009f67900000,0x0000009f67a00000] [id=4512]
  0x00000231776db460 ConcurrentGCThread "G1 Service" [stack: 0x0000009f66500000,0x0000009f66600000] [id=4548]

Threads with active compile tasks:
C2 CompilerThread1    18431 18842       4       org.jetbrains.kotlin.load.kotlin.JvmDescriptorTypeWriter::writeJvmTypeAsIs (76 bytes)

VM state: at safepoint (normal execution)

VM Mutex/Monitor currently owned by a thread:  ([mutex/lock_event])
[0x000002315e368350] Threads_lock - owner thread: 0x000002317782b220
[0x000002315e3681a0] Heap_lock - owner thread: 0x000002315e36c4a0

Heap address: 0x0000000081e00000, size: 2018 MB, Compressed Oops mode: 32-bit

CDS archive(s) not mapped
Compressed class space mapped at: 0x0000000100000000-0x0000000140000000, reserved size: 1073741824
Narrow klass base: 0x0000000000000000, Narrow klass shift: 3, Narrow klass range: 0x140000000

GC Precious Log:
 CPUs: 4 total, 4 available
 Memory: 8066M
 Large Page Support: Disabled
 NUMA Support: Disabled
 Compressed Oops: Enabled (32-bit)
 Heap Region Size: 1M
 Heap Min Capacity: 8M
 Heap Initial Capacity: 128M
 Heap Max Capacity: 2018M
 Pre-touch: Disabled
 Parallel Workers: 4
 Concurrent Workers: 1
 Concurrent Refinement Workers: 4
 Periodic GC: Disabled

Heap:
 garbage-first heap   total 189440K, used 118472K [0x0000000081e00000, 0x0000000100000000)
  region size 1024K, 5 young (5120K), 5 survivors (5120K)
 Metaspace       used 86415K, committed 86784K, reserved 1130496K
  class space    used 9121K, committed 9280K, reserved 1048576K

Heap Regions: E=young(eden), S=young(survivor), O=old, HS=humongous(starts), HC=humongous(continues), CS=collection set, F=free, OA=open archive, CA=closed archive, TAMS=top-at-mark-start (previous, next)
|   0|0x0000000081e00000, 0x0000000081f00000, 0x0000000081f00000|100%|HS|  |TAMS 0x0000000081f00000, 0x0000000081e00000| Complete 
|   1|0x0000000081f00000, 0x0000000082000000, 0x0000000082000000|100%|HC|  |TAMS 0x0000000082000000, 0x0000000081f00000| Complete 
|   2|0x0000000082000000, 0x0000000082100000, 0x0000000082100000|100%|HC|  |TAMS 0x0000000082100000, 0x0000000082000000| Complete 
|   3|0x0000000082100000, 0x0000000082200000, 0x0000000082200000|100%|HC|  |TAMS 0x0000000082200000, 0x0000000082100000| Complete 
|   4|0x0000000082200000, 0x0000000082300000, 0x0000000082300000|100%| O|  |TAMS 0x0000000082300000, 0x0000000082200000| Untracked 
|   5|0x0000000082300000, 0x0000000082400000, 0x0000000082400000|100%| O|  |TAMS 0x0000000082400000, 0x0000000082300000| Untracked 
|   6|0x0000000082400000, 0x0000000082500000, 0x0000000082500000|100%| O|  |TAMS 0x0000000082500000, 0x0000000082400000| Untracked 
|   7|0x0000000082500000, 0x0000000082600000, 0x0000000082600000|100%|HS|  |TAMS 0x0000000082600000, 0x0000000082500000| Complete 
|   8|0x0000000082600000, 0x0000000082700000, 0x0000000082700000|100%|HC|  |TAMS 0x0000000082700000, 0x0000000082600000| Complete 
|   9|0x0000000082700000, 0x0000000082800000, 0x0000000082800000|100%|HC|  |TAMS 0x0000000082800000, 0x0000000082700000| Complete 
|  10|0x0000000082800000, 0x0000000082900000, 0x0000000082900000|100%|HC|  |TAMS 0x0000000082900000, 0x0000000082800000| Complete 
|  11|0x0000000082900000, 0x0000000082a00000, 0x0000000082a00000|100%| O|  |TAMS 0x0000000082a00000, 0x0000000082900000| Untracked 
|  12|0x0000000082a00000, 0x0000000082b00000, 0x0000000082b00000|100%| O|  |TAMS 0x0000000082b00000, 0x0000000082a00000| Untracked 
|  13|0x0000000082b00000, 0x0000000082c00000, 0x0000000082c00000|100%| O|  |TAMS 0x0000000082c00000, 0x0000000082b00000| Untracked 
|  14|0x0000000082c00000, 0x0000000082d00000, 0x0000000082d00000|100%| O|  |TAMS 0x0000000082d00000, 0x0000000082c00000| Untracked 
|  15|0x0000000082d00000, 0x0000000082e00000, 0x0000000082e00000|100%| O|  |TAMS 0x0000000082e00000, 0x0000000082d00000| Untracked 
|  16|0x0000000082e00000, 0x0000000082f00000, 0x0000000082f00000|100%| O|  |TAMS 0x0000000082f00000, 0x0000000082e00000| Untracked 
|  17|0x0000000082f00000, 0x0000000083000000, 0x0000000083000000|100%| O|  |TAMS 0x0000000083000000, 0x0000000082f00000| Untracked 
|  18|0x0000000083000000, 0x0000000083100000, 0x0000000083100000|100%| O|  |TAMS 0x0000000083100000, 0x0000000083000000| Untracked 
|  19|0x0000000083100000, 0x0000000083200000, 0x0000000083200000|100%| O|  |TAMS 0x0000000083200000, 0x0000000083100000| Untracked 
|  20|0x0000000083200000, 0x0000000083300000, 0x0000000083300000|100%| O|  |TAMS 0x0000000083300000, 0x0000000083200000| Untracked 
|  21|0x0000000083300000, 0x0000000083400000, 0x0000000083400000|100%| O|  |TAMS 0x0000000083400000, 0x0000000083300000| Untracked 
|  22|0x0000000083400000, 0x0000000083500000, 0x0000000083500000|100%| O|  |TAMS 0x0000000083500000, 0x0000000083400000| Untracked 
|  23|0x0000000083500000, 0x0000000083600000, 0x0000000083600000|100%| O|  |TAMS 0x0000000083600000, 0x0000000083500000| Untracked 
|  24|0x0000000083600000, 0x0000000083700000, 0x0000000083700000|100%| O|  |TAMS 0x0000000083700000, 0x0000000083600000| Untracked 
|  25|0x0000000083700000, 0x0000000083800000, 0x0000000083800000|100%| O|  |TAMS 0x0000000083800000, 0x0000000083700000| Untracked 
|  26|0x0000000083800000, 0x0000000083900000, 0x0000000083900000|100%| O|  |TAMS 0x0000000083900000, 0x0000000083800000| Untracked 
|  27|0x0000000083900000, 0x0000000083a00000, 0x0000000083a00000|100%| O|  |TAMS 0x0000000083a00000, 0x0000000083900000| Untracked 
|  28|0x0000000083a00000, 0x0000000083b00000, 0x0000000083b00000|100%|HS|  |TAMS 0x0000000083b00000, 0x0000000083a00000| Complete 
|  29|0x0000000083b00000, 0x0000000083c00000, 0x0000000083c00000|100%|HC|  |TAMS 0x0000000083c00000, 0x0000000083b00000| Complete 
|  30|0x0000000083c00000, 0x0000000083d00000, 0x0000000083d00000|100%| O|  |TAMS 0x0000000083d00000, 0x0000000083c00000| Untracked 
|  31|0x0000000083d00000, 0x0000000083e00000, 0x0000000083e00000|100%| O|  |TAMS 0x0000000083e00000, 0x0000000083d00000| Untracked 
|  32|0x0000000083e00000, 0x0000000083f00000, 0x0000000083f00000|100%| O|  |TAMS 0x0000000083f00000, 0x0000000083e00000| Untracked 
|  33|0x0000000083f00000, 0x0000000084000000, 0x0000000084000000|100%| O|  |TAMS 0x0000000084000000, 0x0000000083f00000| Untracked 
|  34|0x0000000084000000, 0x0000000084100000, 0x0000000084100000|100%| O|  |TAMS 0x0000000084100000, 0x0000000084000000| Untracked 
|  35|0x0000000084100000, 0x0000000084200000, 0x0000000084200000|100%| O|  |TAMS 0x0000000084200000, 0x0000000084100000| Untracked 
|  36|0x0000000084200000, 0x0000000084300000, 0x0000000084300000|100%| O|  |TAMS 0x0000000084300000, 0x0000000084200000| Untracked 
|  37|0x0000000084300000, 0x0000000084400000, 0x0000000084400000|100%| O|  |TAMS 0x0000000084400000, 0x0000000084300000| Untracked 
|  38|0x0000000084400000, 0x0000000084500000, 0x0000000084500000|100%| O|  |TAMS 0x0000000084500000, 0x0000000084400000| Untracked 
|  39|0x0000000084500000, 0x0000000084600000, 0x0000000084600000|100%| O|  |TAMS 0x0000000084600000, 0x0000000084500000| Untracked 
|  40|0x0000000084600000, 0x0000000084700000, 0x0000000084700000|100%| O|  |TAMS 0x0000000084700000, 0x0000000084600000| Untracked 
|  41|0x0000000084700000, 0x0000000084800000, 0x0000000084800000|100%| O|  |TAMS 0x0000000084800000, 0x0000000084700000| Untracked 
|  42|0x0000000084800000, 0x0000000084900000, 0x0000000084900000|100%| O|  |TAMS 0x0000000084900000, 0x0000000084800000| Untracked 
|  43|0x0000000084900000, 0x0000000084a00000, 0x0000000084a00000|100%| O|  |TAMS 0x0000000084a00000, 0x0000000084900000| Untracked 
|  44|0x0000000084a00000, 0x0000000084b00000, 0x0000000084b00000|100%| O|  |TAMS 0x0000000084b00000, 0x0000000084a00000| Untracked 
|  45|0x0000000084b00000, 0x0000000084c00000, 0x0000000084c00000|100%| O|  |TAMS 0x0000000084c00000, 0x0000000084b00000| Untracked 
|  46|0x0000000084c00000, 0x0000000084d00000, 0x0000000084d00000|100%| O|  |TAMS 0x0000000084d00000, 0x0000000084c00000| Untracked 
|  47|0x0000000084d00000, 0x0000000084e00000, 0x0000000084e00000|100%| O|  |TAMS 0x0000000084e00000, 0x0000000084d00000| Untracked 
|  48|0x0000000084e00000, 0x0000000084f00000, 0x0000000084f00000|100%| O|  |TAMS 0x0000000084f00000, 0x0000000084e00000| Untracked 
|  49|0x0000000084f00000, 0x0000000085000000, 0x0000000085000000|100%| O|  |TAMS 0x0000000085000000, 0x0000000084f00000| Untracked 
|  50|0x0000000085000000, 0x0000000085100000, 0x0000000085100000|100%| O|  |TAMS 0x0000000085100000, 0x0000000085000000| Untracked 
|  51|0x0000000085100000, 0x0000000085200000, 0x0000000085200000|100%| O|  |TAMS 0x0000000085200000, 0x0000000085100000| Untracked 
|  52|0x0000000085200000, 0x0000000085300000, 0x0000000085300000|100%| O|  |TAMS 0x0000000085300000, 0x0000000085200000| Untracked 
|  53|0x0000000085300000, 0x0000000085400000, 0x0000000085400000|100%| O|  |TAMS 0x0000000085400000, 0x0000000085300000| Untracked 
|  54|0x0000000085400000, 0x0000000085500000, 0x0000000085500000|100%| O|  |TAMS 0x0000000085500000, 0x0000000085400000| Untracked 
|  55|0x0000000085500000, 0x0000000085600000, 0x0000000085600000|100%| O|  |TAMS 0x0000000085600000, 0x0000000085500000| Untracked 
|  56|0x0000000085600000, 0x0000000085700000, 0x0000000085700000|100%| O|  |TAMS 0x0000000085700000, 0x0000000085600000| Untracked 
|  57|0x0000000085700000, 0x0000000085800000, 0x0000000085800000|100%| O|  |TAMS 0x0000000085800000, 0x0000000085700000| Untracked 
|  58|0x0000000085800000, 0x0000000085900000, 0x0000000085900000|100%| O|  |TAMS 0x0000000085800000, 0x0000000085800000| Untracked 
|  59|0x0000000085900000, 0x0000000085a00000, 0x0000000085a00000|100%| O|  |TAMS 0x0000000085a00000, 0x0000000085900000| Untracked 
|  60|0x0000000085a00000, 0x0000000085b00000, 0x0000000085b00000|100%| O|  |TAMS 0x0000000085b00000, 0x0000000085a00000| Untracked 
|  61|0x0000000085b00000, 0x0000000085c00000, 0x0000000085c00000|100%| O|  |TAMS 0x0000000085c00000, 0x0000000085b00000| Untracked 
|  62|0x0000000085c00000, 0x0000000085d00000, 0x0000000085d00000|100%| O|  |TAMS 0x0000000085d00000, 0x0000000085c00000| Untracked 
|  63|0x0000000085d00000, 0x0000000085e00000, 0x0000000085e00000|100%| O|  |TAMS 0x0000000085e00000, 0x0000000085d00000| Untracked 
|  64|0x0000000085e00000, 0x0000000085f00000, 0x0000000085f00000|100%| O|  |TAMS 0x0000000085f00000, 0x0000000085e00000| Untracked 
|  65|0x0000000085f00000, 0x0000000086000000, 0x0000000086000000|100%| O|  |TAMS 0x0000000086000000, 0x0000000085f00000| Untracked 
|  66|0x0000000086000000, 0x0000000086100000, 0x0000000086100000|100%| O|  |TAMS 0x0000000086100000, 0x0000000086000000| Untracked 
|  67|0x0000000086100000, 0x0000000086200000, 0x0000000086200000|100%| O|  |TAMS 0x0000000086168600, 0x0000000086100000| Untracked 
|  68|0x0000000086200000, 0x0000000086300000, 0x0000000086300000|100%| O|  |TAMS 0x0000000086200000, 0x0000000086200000| Untracked 
|  69|0x0000000086300000, 0x0000000086400000, 0x0000000086400000|100%| O|  |TAMS 0x0000000086300000, 0x0000000086300000| Untracked 
|  70|0x0000000086400000, 0x0000000086500000, 0x0000000086500000|100%| O|  |TAMS 0x0000000086400000, 0x0000000086400000| Untracked 
|  71|0x0000000086500000, 0x0000000086600000, 0x0000000086600000|100%| O|  |TAMS 0x0000000086500000, 0x0000000086500000| Untracked 
|  72|0x0000000086600000, 0x0000000086700000, 0x0000000086700000|100%| O|  |TAMS 0x0000000086600000, 0x0000000086600000| Untracked 
|  73|0x0000000086700000, 0x0000000086800000, 0x0000000086800000|100%| O|  |TAMS 0x0000000086700000, 0x0000000086700000| Untracked 
|  74|0x0000000086800000, 0x0000000086900000, 0x0000000086900000|100%| O|  |TAMS 0x0000000086800000, 0x0000000086800000| Untracked 
|  75|0x0000000086900000, 0x0000000086a00000, 0x0000000086a00000|100%| O|  |TAMS 0x0000000086900000, 0x0000000086900000| Untracked 
|  76|0x0000000086a00000, 0x0000000086b00000, 0x0000000086b00000|100%| O|  |TAMS 0x0000000086a00000, 0x0000000086a00000| Untracked 
|  77|0x0000000086b00000, 0x0000000086c00000, 0x0000000086c00000|100%| O|  |TAMS 0x0000000086b00000, 0x0000000086b00000| Untracked 
|  78|0x0000000086c00000, 0x0000000086d00000, 0x0000000086d00000|100%| O|  |TAMS 0x0000000086c00000, 0x0000000086c00000| Untracked 
|  79|0x0000000086d00000, 0x0000000086e00000, 0x0000000086e00000|100%| O|  |TAMS 0x0000000086d00000, 0x0000000086d00000| Untracked 
|  80|0x0000000086e00000, 0x0000000086f00000, 0x0000000086f00000|100%| O|  |TAMS 0x0000000086e00000, 0x0000000086e00000| Untracked 
|  81|0x0000000086f00000, 0x0000000087000000, 0x0000000087000000|100%| O|  |TAMS 0x0000000086f00000, 0x0000000086f00000| Untracked 
|  82|0x0000000087000000, 0x0000000087100000, 0x0000000087100000|100%| O|  |TAMS 0x0000000087000000, 0x0000000087000000| Untracked 
|  83|0x0000000087100000, 0x0000000087200000, 0x0000000087200000|100%| O|  |TAMS 0x0000000087100000, 0x0000000087100000| Untracked 
|  84|0x0000000087200000, 0x0000000087300000, 0x0000000087300000|100%| O|  |TAMS 0x0000000087200000, 0x0000000087200000| Untracked 
|  85|0x0000000087300000, 0x0000000087400000, 0x0000000087400000|100%| O|  |TAMS 0x0000000087300000, 0x0000000087300000| Untracked 
|  86|0x0000000087400000, 0x0000000087500000, 0x0000000087500000|100%| O|  |TAMS 0x0000000087400000, 0x0000000087400000| Untracked 
|  87|0x0000000087500000, 0x0000000087600000, 0x0000000087600000|100%| O|  |TAMS 0x0000000087500000, 0x0000000087500000| Untracked 
|  88|0x0000000087600000, 0x0000000087700000, 0x0000000087700000|100%| O|  |TAMS 0x0000000087600000, 0x0000000087600000| Untracked 
|  89|0x0000000087700000, 0x0000000087800000, 0x0000000087800000|100%| O|  |TAMS 0x0000000087700000, 0x0000000087700000| Untracked 
|  90|0x0000000087800000, 0x0000000087900000, 0x0000000087900000|100%| O|  |TAMS 0x0000000087800000, 0x0000000087800000| Untracked 
|  91|0x0000000087900000, 0x0000000087a00000, 0x0000000087a00000|100%| O|  |TAMS 0x0000000087900000, 0x0000000087900000| Untracked 
|  92|0x0000000087a00000, 0x0000000087b00000, 0x0000000087b00000|100%| O|  |TAMS 0x0000000087a00000, 0x0000000087a00000| Untracked 
|  93|0x0000000087b00000, 0x0000000087c00000, 0x0000000087c00000|100%| O|  |TAMS 0x0000000087b00000, 0x0000000087b00000| Untracked 
|  94|0x0000000087c00000, 0x0000000087d00000, 0x0000000087d00000|100%| O|  |TAMS 0x0000000087c00000, 0x0000000087c00000| Untracked 
|  95|0x0000000087d00000, 0x0000000087e00000, 0x0000000087e00000|100%| O|  |TAMS 0x0000000087d00000, 0x0000000087d00000| Untracked 
|  96|0x0000000087e00000, 0x0000000087f00000, 0x0000000087f00000|100%| O|  |TAMS 0x0000000087e00000, 0x0000000087e00000| Untracked 
|  97|0x0000000087f00000, 0x0000000088000000, 0x0000000088000000|100%| O|  |TAMS 0x0000000087f00000, 0x0000000087f00000| Untracked 
|  98|0x0000000088000000, 0x0000000088100000, 0x0000000088100000|100%| O|  |TAMS 0x0000000088000000, 0x0000000088000000| Untracked 
|  99|0x0000000088100000, 0x0000000088200000, 0x0000000088200000|100%| O|  |TAMS 0x0000000088100000, 0x0000000088100000| Untracked 
| 100|0x0000000088200000, 0x0000000088300000, 0x0000000088300000|100%| O|  |TAMS 0x0000000088200000, 0x0000000088200000| Untracked 
| 101|0x0000000088300000, 0x0000000088400000, 0x0000000088400000|100%| O|  |TAMS 0x0000000088300000, 0x0000000088300000| Untracked 
| 102|0x0000000088400000, 0x0000000088500000, 0x0000000088500000|100%| O|  |TAMS 0x0000000088400000, 0x0000000088400000| Untracked 
| 103|0x0000000088500000, 0x0000000088600000, 0x0000000088600000|100%| O|  |TAMS 0x0000000088500000, 0x0000000088500000| Untracked 
| 104|0x0000000088600000, 0x0000000088700000, 0x0000000088700000|100%| O|  |TAMS 0x0000000088600000, 0x0000000088600000| Untracked 
| 105|0x0000000088700000, 0x0000000088800000, 0x0000000088800000|100%| O|  |TAMS 0x0000000088700000, 0x0000000088700000| Untracked 
| 106|0x0000000088800000, 0x0000000088900000, 0x0000000088900000|100%| O|  |TAMS 0x0000000088800000, 0x0000000088800000| Untracked 
| 107|0x0000000088900000, 0x0000000088a00000, 0x0000000088a00000|100%| O|  |TAMS 0x0000000088900000, 0x0000000088900000| Untracked 
| 108|0x0000000088a00000, 0x0000000088b00000, 0x0000000088b00000|100%| O|  |TAMS 0x0000000088a00000, 0x0000000088a00000| Untracked 
| 109|0x0000000088b00000, 0x0000000088c00000, 0x0000000088c00000|100%| O|  |TAMS 0x0000000088b00000, 0x0000000088b00000| Untracked 
| 110|0x0000000088c00000, 0x0000000088d00000, 0x0000000088d00000|100%| O|  |TAMS 0x0000000088c00000, 0x0000000088c00000| Untracked 
| 111|0x0000000088d00000, 0x0000000088d65600, 0x0000000088e00000| 39%| O|  |TAMS 0x0000000088d00000, 0x0000000088d00000| Untracked 
| 112|0x0000000088e00000, 0x0000000088e00000, 0x0000000088f00000|  0%| F|  |TAMS 0x0000000088e00000, 0x0000000088e00000| Untracked 
| 113|0x0000000088f00000, 0x0000000088f00000, 0x0000000089000000|  0%| F|  |TAMS 0x0000000088f00000, 0x0000000088f00000| Untracked 
| 114|0x0000000089000000, 0x0000000089000000, 0x0000000089100000|  0%| F|  |TAMS 0x0000000089000000, 0x0000000089000000| Untracked 
| 115|0x0000000089100000, 0x0000000089100000, 0x0000000089200000|  0%| F|  |TAMS 0x0000000089100000, 0x0000000089100000| Untracked 
| 116|0x0000000089200000, 0x0000000089200000, 0x0000000089300000|  0%| F|  |TAMS 0x0000000089200000, 0x0000000089200000| Untracked 
| 117|0x0000000089300000, 0x0000000089300000, 0x0000000089400000|  0%| F|  |TAMS 0x0000000089300000, 0x0000000089300000| Untracked 
| 118|0x0000000089400000, 0x0000000089400000, 0x0000000089500000|  0%| F|  |TAMS 0x0000000089400000, 0x0000000089400000| Untracked 
| 119|0x0000000089500000, 0x0000000089500000, 0x0000000089600000|  0%| F|  |TAMS 0x0000000089500000, 0x0000000089500000| Untracked 
| 120|0x0000000089600000, 0x0000000089600000, 0x0000000089700000|  0%| F|  |TAMS 0x0000000089600000, 0x0000000089600000| Untracked 
| 121|0x0000000089700000, 0x0000000089700000, 0x0000000089800000|  0%| F|  |TAMS 0x0000000089700000, 0x0000000089700000| Untracked 
| 122|0x0000000089800000, 0x0000000089800000, 0x0000000089900000|  0%| F|  |TAMS 0x0000000089800000, 0x0000000089800000| Untracked 
| 123|0x0000000089900000, 0x0000000089900000, 0x0000000089a00000|  0%| F|  |TAMS 0x0000000089900000, 0x0000000089900000| Untracked 
| 124|0x0000000089a00000, 0x0000000089a00000, 0x0000000089b00000|  0%| F|  |TAMS 0x0000000089a00000, 0x0000000089a00000| Untracked 
| 125|0x0000000089b00000, 0x0000000089b00000, 0x0000000089c00000|  0%| F|  |TAMS 0x0000000089b00000, 0x0000000089b00000| Untracked 
| 126|0x0000000089c00000, 0x0000000089c00000, 0x0000000089d00000|  0%| F|  |TAMS 0x0000000089c00000, 0x0000000089c00000| Untracked 
| 127|0x0000000089d00000, 0x0000000089d00000, 0x0000000089e00000|  0%| F|  |TAMS 0x0000000089d00000, 0x0000000089d00000| Untracked 
| 128|0x0000000089e00000, 0x0000000089e00000, 0x0000000089f00000|  0%| F|  |TAMS 0x0000000089e00000, 0x0000000089e00000| Untracked 
| 129|0x0000000089f00000, 0x0000000089f00000, 0x000000008a000000|  0%| F|  |TAMS 0x0000000089f00000, 0x0000000089f00000| Untracked 
| 130|0x000000008a000000, 0x000000008a000000, 0x000000008a100000|  0%| F|  |TAMS 0x000000008a000000, 0x000000008a000000| Untracked 
| 131|0x000000008a100000, 0x000000008a100000, 0x000000008a200000|  0%| F|  |TAMS 0x000000008a100000, 0x000000008a100000| Untracked 
| 132|0x000000008a200000, 0x000000008a200000, 0x000000008a300000|  0%| F|  |TAMS 0x000000008a200000, 0x000000008a200000| Untracked 
| 133|0x000000008a300000, 0x000000008a300000, 0x000000008a400000|  0%| F|  |TAMS 0x000000008a300000, 0x000000008a300000| Untracked 
| 134|0x000000008a400000, 0x000000008a400000, 0x000000008a500000|  0%| F|  |TAMS 0x000000008a400000, 0x000000008a400000| Untracked 
| 135|0x000000008a500000, 0x000000008a500000, 0x000000008a600000|  0%| F|  |TAMS 0x000000008a500000, 0x000000008a500000| Untracked 
| 136|0x000000008a600000, 0x000000008a600000, 0x000000008a700000|  0%| F|  |TAMS 0x000000008a600000, 0x000000008a600000| Untracked 
| 137|0x000000008a700000, 0x000000008a700000, 0x000000008a800000|  0%| F|  |TAMS 0x000000008a700000, 0x000000008a700000| Untracked 
| 138|0x000000008a800000, 0x000000008a800000, 0x000000008a900000|  0%| F|  |TAMS 0x000000008a800000, 0x000000008a800000| Untracked 
| 139|0x000000008a900000, 0x000000008a94cd40, 0x000000008aa00000| 30%| S|CS|TAMS 0x000000008a900000, 0x000000008a900000| Complete 
| 140|0x000000008aa00000, 0x000000008ab00000, 0x000000008ab00000|100%| S|CS|TAMS 0x000000008aa00000, 0x000000008aa00000| Complete 
| 141|0x000000008ab00000, 0x000000008ac00000, 0x000000008ac00000|100%| S|CS|TAMS 0x000000008ab00000, 0x000000008ab00000| Complete 
| 142|0x000000008ac00000, 0x000000008ad00000, 0x000000008ad00000|100%| S|CS|TAMS 0x000000008ac00000, 0x000000008ac00000| Complete 
| 143|0x000000008ad00000, 0x000000008ae00000, 0x000000008ae00000|100%| S|CS|TAMS 0x000000008ad00000, 0x000000008ad00000| Complete 
| 144|0x000000008ae00000, 0x000000008ae00000, 0x000000008af00000|  0%| F|  |TAMS 0x000000008ae00000, 0x000000008ae00000| Untracked 
| 145|0x000000008af00000, 0x000000008af00000, 0x000000008b000000|  0%| F|  |TAMS 0x000000008af00000, 0x000000008af00000| Untracked 
| 146|0x000000008b000000, 0x000000008b000000, 0x000000008b100000|  0%| F|  |TAMS 0x000000008b000000, 0x000000008b000000| Untracked 
| 147|0x000000008b100000, 0x000000008b100000, 0x000000008b200000|  0%| F|  |TAMS 0x000000008b100000, 0x000000008b100000| Untracked 
| 148|0x000000008b200000, 0x000000008b200000, 0x000000008b300000|  0%| F|  |TAMS 0x000000008b200000, 0x000000008b200000| Untracked 
| 149|0x000000008b300000, 0x000000008b300000, 0x000000008b400000|  0%| F|  |TAMS 0x000000008b300000, 0x000000008b300000| Untracked 
| 150|0x000000008b400000, 0x000000008b400000, 0x000000008b500000|  0%| F|  |TAMS 0x000000008b400000, 0x000000008b400000| Untracked 
| 151|0x000000008b500000, 0x000000008b500000, 0x000000008b600000|  0%| F|  |TAMS 0x000000008b500000, 0x000000008b500000| Untracked 
| 152|0x000000008b600000, 0x000000008b600000, 0x000000008b700000|  0%| F|  |TAMS 0x000000008b600000, 0x000000008b600000| Untracked 
| 153|0x000000008b700000, 0x000000008b700000, 0x000000008b800000|  0%| F|  |TAMS 0x000000008b700000, 0x000000008b700000| Untracked 
| 154|0x000000008b800000, 0x000000008b800000, 0x000000008b900000|  0%| F|  |TAMS 0x000000008b800000, 0x000000008b800000| Untracked 
| 155|0x000000008b900000, 0x000000008b900000, 0x000000008ba00000|  0%| F|  |TAMS 0x000000008b900000, 0x000000008b900000| Untracked 
| 156|0x000000008ba00000, 0x000000008ba00000, 0x000000008bb00000|  0%| F|  |TAMS 0x000000008ba00000, 0x000000008ba00000| Untracked 
| 157|0x000000008bb00000, 0x000000008bb00000, 0x000000008bc00000|  0%| F|  |TAMS 0x000000008bb00000, 0x000000008bb00000| Untracked 
| 158|0x000000008bc00000, 0x000000008bc00000, 0x000000008bd00000|  0%| F|  |TAMS 0x000000008bc00000, 0x000000008bc00000| Untracked 
| 159|0x000000008bd00000, 0x000000008bd00000, 0x000000008be00000|  0%| F|  |TAMS 0x000000008bd00000, 0x000000008bd00000| Untracked 
| 160|0x000000008be00000, 0x000000008be00000, 0x000000008bf00000|  0%| F|  |TAMS 0x000000008be00000, 0x000000008be00000| Untracked 
| 161|0x000000008bf00000, 0x000000008bf00000, 0x000000008c000000|  0%| F|  |TAMS 0x000000008bf00000, 0x000000008bf00000| Untracked 
| 162|0x000000008c000000, 0x000000008c000000, 0x000000008c100000|  0%| F|  |TAMS 0x000000008c000000, 0x000000008c000000| Untracked 
| 163|0x000000008c100000, 0x000000008c100000, 0x000000008c200000|  0%| F|  |TAMS 0x000000008c100000, 0x000000008c100000| Untracked 
| 164|0x000000008c200000, 0x000000008c200000, 0x000000008c300000|  0%| F|  |TAMS 0x000000008c200000, 0x000000008c200000| Untracked 
| 165|0x000000008c300000, 0x000000008c300000, 0x000000008c400000|  0%| F|  |TAMS 0x000000008c300000, 0x000000008c300000| Untracked 
| 166|0x000000008c400000, 0x000000008c400000, 0x000000008c500000|  0%| F|  |TAMS 0x000000008c400000, 0x000000008c400000| Untracked 
| 167|0x000000008c500000, 0x000000008c500000, 0x000000008c600000|  0%| F|  |TAMS 0x000000008c500000, 0x000000008c500000| Untracked 
| 168|0x000000008c600000, 0x000000008c600000, 0x000000008c700000|  0%| F|  |TAMS 0x000000008c600000, 0x000000008c600000| Untracked 
| 169|0x000000008c700000, 0x000000008c700000, 0x000000008c800000|  0%| F|  |TAMS 0x000000008c700000, 0x000000008c700000| Untracked 
| 170|0x000000008c800000, 0x000000008c800000, 0x000000008c900000|  0%| F|  |TAMS 0x000000008c800000, 0x000000008c800000| Untracked 
| 171|0x000000008c900000, 0x000000008c900000, 0x000000008ca00000|  0%| F|  |TAMS 0x000000008c900000, 0x000000008c900000| Untracked 
| 172|0x000000008ca00000, 0x000000008ca00000, 0x000000008cb00000|  0%| F|  |TAMS 0x000000008ca00000, 0x000000008ca00000| Untracked 
| 173|0x000000008cb00000, 0x000000008cb00000, 0x000000008cc00000|  0%| F|  |TAMS 0x000000008cb00000, 0x000000008cb00000| Untracked 
| 174|0x000000008cc00000, 0x000000008cc00000, 0x000000008cd00000|  0%| F|  |TAMS 0x000000008cc00000, 0x000000008cc00000| Untracked 
| 175|0x000000008cd00000, 0x000000008cd00000, 0x000000008ce00000|  0%| F|  |TAMS 0x000000008cd00000, 0x000000008cd00000| Untracked 
| 176|0x000000008ce00000, 0x000000008ce00000, 0x000000008cf00000|  0%| F|  |TAMS 0x000000008ce00000, 0x000000008ce00000| Untracked 
| 177|0x000000008cf00000, 0x000000008cf00000, 0x000000008d000000|  0%| F|  |TAMS 0x000000008cf00000, 0x000000008cf00000| Untracked 
| 178|0x000000008d000000, 0x000000008d000000, 0x000000008d100000|  0%| F|  |TAMS 0x000000008d000000, 0x000000008d000000| Untracked 
| 179|0x000000008d100000, 0x000000008d100000, 0x000000008d200000|  0%| F|  |TAMS 0x000000008d100000, 0x000000008d100000| Untracked 
| 180|0x000000008d200000, 0x000000008d200000, 0x000000008d300000|  0%| F|  |TAMS 0x000000008d200000, 0x000000008d200000| Untracked 
| 181|0x000000008d300000, 0x000000008d300000, 0x000000008d400000|  0%| F|  |TAMS 0x000000008d300000, 0x000000008d300000| Untracked 
| 182|0x000000008d400000, 0x000000008d400000, 0x000000008d500000|  0%| F|  |TAMS 0x000000008d400000, 0x000000008d400000| Untracked 
| 183|0x000000008d500000, 0x000000008d500000, 0x000000008d600000|  0%| F|  |TAMS 0x000000008d500000, 0x000000008d500000| Untracked 
| 184|0x000000008d600000, 0x000000008d600000, 0x000000008d700000|  0%| F|  |TAMS 0x000000008d600000, 0x000000008d600000| Untracked 

Card table byte_map: [0x0000023170c30000,0x0000023171030000] _byte_map_base: 0x0000023170821000

Marking Bits (Prev, Next): (CMBitMap*) 0x000002315e3c2d70, (CMBitMap*) 0x000002315e3c2db0
 Prev Bits: [0x0000023171430000, 0x00000231733b8000)
 Next Bits: [0x00000231733c0000, 0x0000023175348000)

Polling page: 0x000002315c4d0000

Metaspace:

Usage:
  Non-class:     75.48 MB used.
      Class:      8.91 MB used.
       Both:     84.39 MB used.

Virtual space:
  Non-class space:       80.00 MB reserved,      75.69 MB ( 95%) committed,  10 nodes.
      Class space:        1.00 GB reserved,       9.06 MB ( <1%) committed,  1 nodes.
             Both:        1.08 GB reserved,      84.75 MB (  8%) committed. 

Chunk freelists:
   Non-Class:  3.80 MB
       Class:  2.94 MB
        Both:  6.73 MB

MaxMetaspaceSize: unlimited
CompressedClassSpaceSize: 1.00 GB
Initial GC threshold: 21.00 MB
Current GC threshold: 116.25 MB
CDS: off
MetaspaceReclaimPolicy: balanced
 - commit_granule_bytes: 65536.
 - commit_granule_words: 8192.
 - virtual_space_node_default_size: 1048576.
 - enlarge_chunks_in_place: 1.
 - new_chunks_are_fully_committed: 0.
 - uncommit_free_chunks: 1.
 - use_allocation_guard: 0.
 - handle_deallocations: 1.


Internal statistics:

num_allocs_failed_limit: 9.
num_arena_births: 454.
num_arena_deaths: 0.
num_vsnodes_births: 11.
num_vsnodes_deaths: 0.
num_space_committed: 1354.
num_space_uncommitted: 0.
num_chunks_returned_to_freelist: 9.
num_chunks_taken_from_freelist: 3301.
num_chunk_merges: 9.
num_chunk_splits: 2609.
num_chunks_enlarged: 2216.
num_purges: 0.
num_inconsistent_stats: 0.

CodeHeap 'non-profiled nmethods': size=120000Kb used=8608Kb max_used=8608Kb free=111391Kb
 bounds [0x0000023169300000, 0x0000023169b70000, 0x0000023170830000]
CodeHeap 'profiled nmethods': size=120000Kb used=47953Kb max_used=47953Kb free=72046Kb
 bounds [0x0000023161830000, 0x0000023164710000, 0x0000023168d60000]
CodeHeap 'non-nmethods': size=5760Kb used=1400Kb max_used=1459Kb free=4359Kb
 bounds [0x0000023168d60000, 0x0000023168fd0000, 0x0000023169300000]
 total_blobs=16460 nmethods=15730 adapters=638
 compilation: enabled
              stopped_count=0, restarted_count=0
 full_count=0

Compilation events (20 events):
Event: 17.980 Thread 0x000002317847faa0 nmethod 18914 0x0000023164700790 code [0x0000023164700e40, 0x0000023164704298]
Event: 17.980 Thread 0x000002317847faa0 18916       3       org.jetbrains.org.objectweb.asm.MethodWriter::visitJumpInsn (495 bytes)
Event: 17.981 Thread 0x000002317847faa0 nmethod 18916 0x0000023164705610 code [0x0000023164705940, 0x00000231647069a8]
Event: 17.981 Thread 0x000002317847faa0 18915       3       org.jetbrains.kotlin.backend.jvm.codegen.ExpressionCodegen::visitWhen (10 bytes)
Event: 17.981 Thread 0x000002317847faa0 nmethod 18915 0x0000023164707010 code [0x00000231647071c0, 0x00000231647073e8]
Event: 17.981 Thread 0x000002317847faa0 18905       3       org.jetbrains.kotlin.codegen.state.TypeMappingUtil::extractTypeMappingModeFromAnnotation (96 bytes)
Event: 17.982 Thread 0x000002317847faa0 nmethod 18905 0x0000023164707490 code [0x0000023164707780, 0x0000023164708688]
Event: 17.982 Thread 0x000002317847faa0 18919       3       kotlin.sequences.TakeWhileSequence::iterator (12 bytes)
Event: 17.982 Thread 0x000002317847faa0 nmethod 18919 0x0000023164708b90 code [0x0000023164708d60, 0x0000023164709128]
Event: 17.982 Thread 0x000002317847faa0 18906       3       org.jetbrains.org.objectweb.asm.MethodWriter::visitTypeInsn (116 bytes)
Event: 17.983 Thread 0x000002317847faa0 nmethod 18906 0x0000023164709290 code [0x0000023164709480, 0x00000231647098e8]
Event: 17.987 Thread 0x000002317847faa0 18920       3       org.jetbrains.kotlin.resolve.jvm.JvmClassName::byFqNameWithoutInnerClasses (42 bytes)
Event: 17.987 Thread 0x000002317787e050 nmethod 18917 0x0000023169b66490 code [0x0000023169b66680, 0x0000023169b67178]
Event: 17.987 Thread 0x000002317847faa0 nmethod 18920 0x0000023164709b10 code [0x0000023164709d20, 0x000002316470a2e8]
Event: 17.988 Thread 0x000002317787e050 18918       4       org.jetbrains.kotlin.codegen.optimization.common.UtilKt::isMeaningful (50 bytes)
Event: 17.988 Thread 0x000002317787e050 nmethod 18918 0x0000023169b67890 code [0x0000023169b67a00, 0x0000023169b67ab8]
Event: 17.988 Thread 0x000002317787e050 18910       4       gnu.trove.THash::computeMaxSize (38 bytes)
Event: 17.989 Thread 0x000002317787e050 nmethod 18910 0x0000023169b67b90 code [0x0000023169b67d00, 0x0000023169b67dd8]
Event: 17.989 Thread 0x000002317787e050 18907       4       org.jetbrains.org.objectweb.asm.Frame::getInputStackSize (6 bytes)
Event: 17.989 Thread 0x000002317787e050 nmethod 18907 0x0000023169b67e90 code [0x0000023169b68000, 0x0000023169b68098]

GC Heap History (20 events):
Event: 10.707 GC heap after
{Heap after GC invocations=21 (full 0):
 garbage-first heap   total 145408K, used 68981K [0x0000000081e00000, 0x0000000100000000)
  region size 1024K, 7 young (7168K), 7 survivors (7168K)
 Metaspace       used 62559K, committed 62848K, reserved 1105920K
  class space    used 6970K, committed 7104K, reserved 1048576K
}
Event: 11.594 GC heap before
{Heap before GC invocations=21 (full 0):
 garbage-first heap   total 145408K, used 115061K [0x0000000081e00000, 0x0000000100000000)
  region size 1024K, 52 young (53248K), 7 survivors (7168K)
 Metaspace       used 65751K, committed 66048K, reserved 1114112K
  class space    used 7284K, committed 7424K, reserved 1048576K
}
Event: 11.605 GC heap after
{Heap after GC invocations=22 (full 0):
 garbage-first heap   total 145408K, used 71927K [0x0000000081e00000, 0x0000000100000000)
  region size 1024K, 3 young (3072K), 3 survivors (3072K)
 Metaspace       used 65751K, committed 66048K, reserved 1114112K
  class space    used 7284K, committed 7424K, reserved 1048576K
}
Event: 12.684 GC heap before
{Heap before GC invocations=22 (full 0):
 garbage-first heap   total 145408K, used 116983K [0x0000000081e00000, 0x0000000100000000)
  region size 1024K, 47 young (48128K), 3 survivors (3072K)
 Metaspace       used 70875K, committed 71232K, reserved 1114112K
  class space    used 7779K, committed 7936K, reserved 1048576K
}
Event: 12.696 GC heap after
{Heap after GC invocations=23 (full 0):
 garbage-first heap   total 145408K, used 79231K [0x0000000081e00000, 0x0000000100000000)
  region size 1024K, 6 young (6144K), 6 survivors (6144K)
 Metaspace       used 70875K, committed 71232K, reserved 1114112K
  class space    used 7779K, committed 7936K, reserved 1048576K
}
Event: 13.132 GC heap before
{Heap before GC invocations=24 (full 0):
 garbage-first heap   total 157696K, used 115071K [0x0000000081e00000, 0x0000000100000000)
  region size 1024K, 41 young (41984K), 6 survivors (6144K)
 Metaspace       used 71753K, committed 72064K, reserved 1114112K
  class space    used 7868K, committed 8000K, reserved 1048576K
}
Event: 13.145 GC heap after
{Heap after GC invocations=25 (full 0):
 garbage-first heap   total 157696K, used 84495K [0x0000000081e00000, 0x0000000100000000)
  region size 1024K, 5 young (5120K), 5 survivors (5120K)
 Metaspace       used 71753K, committed 72064K, reserved 1114112K
  class space    used 7868K, committed 8000K, reserved 1048576K
}
Event: 13.157 GC heap before
{Heap before GC invocations=25 (full 0):
 garbage-first heap   total 157696K, used 86543K [0x0000000081e00000, 0x0000000100000000)
  region size 1024K, 7 young (7168K), 5 survivors (5120K)
 Metaspace       used 71753K, committed 72064K, reserved 1114112K
  class space    used 7868K, committed 8000K, reserved 1048576K
}
Event: 13.165 GC heap after
{Heap after GC invocations=26 (full 0):
 garbage-first heap   total 189440K, used 84879K [0x0000000081e00000, 0x0000000100000000)
  region size 1024K, 1 young (1024K), 1 survivors (1024K)
 Metaspace       used 71753K, committed 72064K, reserved 1114112K
  class space    used 7868K, committed 8000K, reserved 1048576K
}
Event: 14.109 GC heap before
{Heap before GC invocations=26 (full 0):
 garbage-first heap   total 189440K, used 148367K [0x0000000081e00000, 0x0000000100000000)
  region size 1024K, 63 young (64512K), 1 survivors (1024K)
 Metaspace       used 72329K, committed 72704K, reserved 1114112K
  class space    used 7898K, committed 8064K, reserved 1048576K
}
Event: 14.126 GC heap after
{Heap after GC invocations=27 (full 0):
 garbage-first heap   total 189440K, used 102357K [0x0000000081e00000, 0x0000000100000000)
  region size 1024K, 8 young (8192K), 8 survivors (8192K)
 Metaspace       used 72329K, committed 72704K, reserved 1114112K
  class space    used 7898K, committed 8064K, reserved 1048576K
}
Event: 14.929 GC heap before
{Heap before GC invocations=27 (full 0):
 garbage-first heap   total 189440K, used 144341K [0x0000000081e00000, 0x0000000100000000)
  region size 1024K, 49 young (50176K), 8 survivors (8192K)
 Metaspace       used 75380K, committed 75776K, reserved 1122304K
  class space    used 8224K, committed 8384K, reserved 1048576K
}
Event: 14.941 GC heap after
{Heap after GC invocations=28 (full 0):
 garbage-first heap   total 189440K, used 108489K [0x0000000081e00000, 0x0000000100000000)
  region size 1024K, 5 young (5120K), 5 survivors (5120K)
 Metaspace       used 75380K, committed 75776K, reserved 1122304K
  class space    used 8224K, committed 8384K, reserved 1048576K
}
Event: 15.661 GC heap before
{Heap before GC invocations=28 (full 0):
 garbage-first heap   total 189440K, used 147401K [0x0000000081e00000, 0x0000000100000000)
  region size 1024K, 43 young (44032K), 5 survivors (5120K)
 Metaspace       used 79253K, committed 79616K, reserved 1122304K
  class space    used 8601K, committed 8768K, reserved 1048576K
}
Event: 15.670 GC heap after
{Heap after GC invocations=29 (full 0):
 garbage-first heap   total 189440K, used 111580K [0x0000000081e00000, 0x0000000100000000)
  region size 1024K, 3 young (3072K), 3 survivors (3072K)
 Metaspace       used 79253K, committed 79616K, reserved 1122304K
  class space    used 8601K, committed 8768K, reserved 1048576K
}
Event: 16.527 GC heap before
{Heap before GC invocations=29 (full 0):
 garbage-first heap   total 189440K, used 150492K [0x0000000081e00000, 0x0000000100000000)
  region size 1024K, 41 young (41984K), 3 survivors (3072K)
 Metaspace       used 82304K, committed 82688K, reserved 1130496K
  class space    used 8862K, committed 9024K, reserved 1048576K
}
Event: 16.535 GC heap after
{Heap after GC invocations=30 (full 0):
 garbage-first heap   total 189440K, used 114130K [0x0000000081e00000, 0x0000000100000000)
  region size 1024K, 6 young (6144K), 6 survivors (6144K)
 Metaspace       used 82304K, committed 82688K, reserved 1130496K
  class space    used 8862K, committed 9024K, reserved 1048576K
}
Event: 17.105 GC heap before
{Heap before GC invocations=30 (full 0):
 garbage-first heap   total 189440K, used 152018K [0x0000000081e00000, 0x0000000100000000)
  region size 1024K, 43 young (44032K), 6 survivors (6144K)
 Metaspace       used 84103K, committed 84480K, reserved 1130496K
  class space    used 8980K, committed 9152K, reserved 1048576K
}
Event: 17.113 GC heap after
{Heap after GC invocations=31 (full 0):
 garbage-first heap   total 189440K, used 116351K [0x0000000081e00000, 0x0000000100000000)
  region size 1024K, 6 young (6144K), 6 survivors (6144K)
 Metaspace       used 84103K, committed 84480K, reserved 1130496K
  class space    used 8980K, committed 9152K, reserved 1048576K
}
Event: 17.990 GC heap before
{Heap before GC invocations=31 (full 0):
 garbage-first heap   total 189440K, used 154239K [0x0000000081e00000, 0x0000000100000000)
  region size 1024K, 43 young (44032K), 6 survivors (6144K)
 Metaspace       used 86415K, committed 86784K, reserved 1130496K
  class space    used 9121K, committed 9280K, reserved 1048576K
}

Dll operation events (2 events):
Event: 0.013 Loaded shared library C:\Program Files\Android\Android Studio\jbr\bin\java.dll
Event: 1.018 Loaded shared library C:\Program Files\Android\Android Studio\jbr\bin\verify.dll

Deoptimization events (20 events):
Event: 17.380 Thread 0x000002315e36c4a0 Uncommon trap: trap_request=0xffffffde fr.pc=0x0000023169afb194 relative=0x0000000000005014
Event: 17.380 Thread 0x000002315e36c4a0 Uncommon trap: reason=class_check action=maybe_recompile pc=0x0000023169afb194 method=org.jetbrains.kotlin.ir.types.IrTypeSystemContext$DefaultImpls.getNameForClassUnderKotlinPackage(Lorg/jetbrains/kotlin/ir/types/IrTypeSystemContext;Lorg/jetbrains/kotlin
Event: 17.380 Thread 0x000002315e36c4a0 DEOPT PACKING pc=0x0000023169afb194 sp=0x0000009f660fcf40
Event: 17.380 Thread 0x000002315e36c4a0 DEOPT UNPACKING pc=0x0000023168db69a3 sp=0x0000009f660fcd30 mode 2
Event: 17.380 Thread 0x000002315e36c4a0 Uncommon trap: trap_request=0xffffffde fr.pc=0x0000023169afb194 relative=0x0000000000005014
Event: 17.380 Thread 0x000002315e36c4a0 Uncommon trap: reason=class_check action=maybe_recompile pc=0x0000023169afb194 method=org.jetbrains.kotlin.ir.types.IrTypeSystemContext$DefaultImpls.getNameForClassUnderKotlinPackage(Lorg/jetbrains/kotlin/ir/types/IrTypeSystemContext;Lorg/jetbrains/kotlin
Event: 17.380 Thread 0x000002315e36c4a0 DEOPT PACKING pc=0x0000023169afb194 sp=0x0000009f660fd060
Event: 17.380 Thread 0x000002315e36c4a0 DEOPT UNPACKING pc=0x0000023168db69a3 sp=0x0000009f660fce50 mode 2
Event: 17.634 Thread 0x000002315e36c4a0 Uncommon trap: trap_request=0xffffffc6 fr.pc=0x0000023169b1f170 relative=0x0000000000000610
Event: 17.634 Thread 0x000002315e36c4a0 Uncommon trap: reason=bimorphic_or_optimized_type_check action=maybe_recompile pc=0x0000023169b1f170 method=gnu.trove.TObjectHash.index(Ljava/lang/Object;)I @ 126 c2
Event: 17.634 Thread 0x000002315e36c4a0 DEOPT PACKING pc=0x0000023169b1f170 sp=0x0000009f660fc530
Event: 17.634 Thread 0x000002315e36c4a0 DEOPT UNPACKING pc=0x0000023168db69a3 sp=0x0000009f660fc4b0 mode 2
Event: 17.634 Thread 0x000002315e36c4a0 Uncommon trap: trap_request=0xffffffc6 fr.pc=0x0000023169b1f170 relative=0x0000000000000610
Event: 17.634 Thread 0x000002315e36c4a0 Uncommon trap: reason=bimorphic_or_optimized_type_check action=maybe_recompile pc=0x0000023169b1f170 method=gnu.trove.TObjectHash.index(Ljava/lang/Object;)I @ 126 c2
Event: 17.634 Thread 0x000002315e36c4a0 DEOPT PACKING pc=0x0000023169b1f170 sp=0x0000009f660fc530
Event: 17.634 Thread 0x000002315e36c4a0 DEOPT UNPACKING pc=0x0000023168db69a3 sp=0x0000009f660fc4b0 mode 2
Event: 17.844 Thread 0x000002315e36c4a0 DEOPT PACKING pc=0x0000023164439eb9 sp=0x0000009f660fd830
Event: 17.844 Thread 0x000002315e36c4a0 DEOPT UNPACKING pc=0x0000023168db7143 sp=0x0000009f660fcd40 mode 0
Event: 17.885 Thread 0x000002315e36c4a0 DEOPT PACKING pc=0x0000023164439eb9 sp=0x0000009f660fdba0
Event: 17.886 Thread 0x000002315e36c4a0 DEOPT UNPACKING pc=0x0000023168db7143 sp=0x0000009f660fd0b0 mode 0

Classes unloaded (0 events):
No events

Classes redefined (0 events):
No events

Internal exceptions (20 events):
Event: 5.515 Thread 0x000002315e36c4a0 Exception <a 'java/lang/NoSuchMethodError'{0x0000000088fa3948}: 'int java.lang.invoke.DirectMethodHandle$Holder.invokeStaticInit(java.lang.Object, int)'> (0x0000000088fa3948) 
thrown [s\src\hotspot\share\interpreter\linkResolver.cpp, line 771]
Event: 5.520 Thread 0x000002315e36c4a0 Implicit null exception at 0x0000023169413193 to 0x000002316941367c
Event: 6.035 Thread 0x000002315e36c4a0 Implicit null exception at 0x0000023169319472 to 0x0000023169319a04
Event: 6.047 Thread 0x000002315e36c4a0 Exception <a 'java/lang/NoSuchMethodError'{0x000000008abd2e30}: 'java.lang.Object java.lang.invoke.DirectMethodHandle$Holder.invokeInterface(java.lang.Object, java.lang.Object, java.lang.Object)'> (0x000000008abd2e30) 
thrown [s\src\hotspot\share\interpreter\linkResolver.cpp, line 771]
Event: 6.047 Thread 0x000002315e36c4a0 Exception <a 'java/lang/IncompatibleClassChangeError'{0x000000008abd6a48}: Found class java.lang.Object, but interface was expected> (0x000000008abd6a48) 
thrown [s\src\hotspot\share\interpreter\linkResolver.cpp, line 838]
Event: 6.056 Thread 0x000002315e36c4a0 Implicit null exception at 0x000002316931a072 to 0x000002316931a618
Event: 7.350 Thread 0x000002315e36c4a0 Exception <a 'java/lang/NoSuchMethodError'{0x00000000886788d0}: 'java.lang.Object java.lang.invoke.DirectMethodHandle$Holder.newInvokeSpecial(java.lang.Object, java.lang.Object, java.lang.Object, java.lang.Object, java.lang.Object, java.lang.Object, java.lang.Object)'> (0x00000000886788d0) 
thrown [s\src\hotspot\share\interpreter\linkResolver.cpp, line 771]
Event: 7.350 Thread 0x000002315e36c4a0 Exception <a 'java/lang/NoSuchMethodError'{0x000000008867e720}: 'java.lang.Object java.lang.invoke.Invokers$Holder.linkToTargetMethod(java.lang.Object, java.lang.Object, java.lang.Object, java.lang.Object, java.lang.Object, java.lang.Object, java.lang.Object)'> (0x000000008867e720) 
thrown [s\src\hotspot\share\interpreter\linkResolver.cpp, line 771]
Event: 10.994 Thread 0x000002315e36c4a0 Implicit null exception at 0x0000023169658ab4 to 0x0000023169658b3d
Event: 11.146 Thread 0x000002315e36c4a0 Implicit null exception at 0x0000023169391b0c to 0x0000023169391d70
Event: 11.425 Thread 0x000002315e36c4a0 Implicit null exception at 0x0000023169804a5b to 0x0000023169804d0c
Event: 11.426 Thread 0x000002315e36c4a0 Implicit null exception at 0x000002316937b05a to 0x000002316937b2f8
Event: 11.646 Thread 0x000002315e36c4a0 Exception <a 'java/lang/NoSuchMethodError'{0x000000008a849940}: 'int java.lang.invoke.DirectMethodHandle$Holder.invokeStaticInit(java.lang.Object, java.lang.Object, java.lang.Object, java.lang.Object)'> (0x000000008a849940) 
thrown [s\src\hotspot\share\interpreter\linkResolver.cpp, line 771]
Event: 11.682 Thread 0x000002315e36c4a0 Exception <a 'java/lang/NoSuchMethodError'{0x000000008a6fecc8}: 'java.lang.Object java.lang.invoke.DirectMethodHandle$Holder.newInvokeSpecial(java.lang.Object, java.lang.Object, java.lang.Object, int, int)'> (0x000000008a6fecc8) 
thrown [s\src\hotspot\share\interpreter\linkResolver.cpp, line 771]
Event: 11.682 Thread 0x000002315e36c4a0 Exception <a 'java/lang/NoSuchMethodError'{0x000000008a503240}: 'java.lang.Object java.lang.invoke.DirectMethodHandle$Holder.invokeSpecial(java.lang.Object, java.lang.Object, java.lang.Object, java.lang.Object, int, int)'> (0x000000008a503240) 
thrown [s\src\hotspot\share\interpreter\linkResolver.cpp, line 771]
Event: 11.850 Thread 0x000002315e36c4a0 Exception <a 'java/lang/NoSuchMethodError'{0x0000000089e97e30}: 'java.lang.Object java.lang.invoke.DirectMethodHandle$Holder.invokeSpecial(java.lang.Object, java.lang.Object, int, int, java.lang.Object, java.lang.Object, java.lang.Object, java.lang.Object, java.lang.Object)'> (0x0000000089e97e30) 
thrown [s\src\hotspot\share\interpreter\linkResolver.cpp, line 771]
Event: 11.888 Thread 0x000002315e36c4a0 Implicit null exception at 0x0000023169369f10 to 0x000002316936a1b8
Event: 14.304 Thread 0x000002315e36c4a0 Implicit null exception at 0x0000023169941c04 to 0x0000023169943a24
Event: 15.262 Thread 0x000002315e36c4a0 Implicit null exception at 0x0000023169a3d8d2 to 0x0000023169a3d9af
Event: 15.414 Thread 0x000002315e36c4a0 Implicit null exception at 0x0000023169a42682 to 0x0000023169a429bc

VM Operations (20 events):
Event: 17.051 Executing VM operation: ICBufferFull done
Event: 17.053 Executing VM operation: HandshakeAllThreads
Event: 17.053 Executing VM operation: HandshakeAllThreads done
Event: 17.069 Executing VM operation: HandshakeAllThreads
Event: 17.069 Executing VM operation: HandshakeAllThreads done
Event: 17.075 Executing VM operation: HandshakeAllThreads
Event: 17.075 Executing VM operation: HandshakeAllThreads done
Event: 17.078 Executing VM operation: HandshakeAllThreads
Event: 17.078 Executing VM operation: HandshakeAllThreads done
Event: 17.105 Executing VM operation: G1CollectForAllocation
Event: 17.114 Executing VM operation: G1CollectForAllocation done
Event: 17.124 Executing VM operation: HandshakeAllThreads
Event: 17.124 Executing VM operation: HandshakeAllThreads done
Event: 17.237 Executing VM operation: HandshakeAllThreads
Event: 17.251 Executing VM operation: HandshakeAllThreads done
Event: 17.336 Executing VM operation: ICBufferFull
Event: 17.336 Executing VM operation: ICBufferFull done
Event: 17.715 Executing VM operation: ICBufferFull
Event: 17.716 Executing VM operation: ICBufferFull done
Event: 17.989 Executing VM operation: G1CollectForAllocation

Events (20 events):
Event: 17.275 Thread 0x0000023178480bc0 flushing nmethod 0x0000023163727110
Event: 17.275 Thread 0x0000023178480bc0 flushing nmethod 0x0000023163733590
Event: 17.275 Thread 0x0000023178480bc0 flushing nmethod 0x0000023163738390
Event: 17.275 Thread 0x0000023178480bc0 flushing nmethod 0x000002316373fa90
Event: 17.276 Thread 0x0000023178480bc0 flushing nmethod 0x0000023163920c90
Event: 17.277 Thread 0x0000023178480bc0 flushing nmethod 0x0000023163b12110
Event: 17.277 Thread 0x0000023178480bc0 flushing nmethod 0x0000023163b6db90
Event: 17.278 Thread 0x0000023178480bc0 flushing nmethod 0x0000023163c06290
Event: 17.278 Thread 0x0000023178480bc0 flushing nmethod 0x0000023163c1fc90
Event: 17.279 Thread 0x0000023178480bc0 flushing nmethod 0x0000023163ded810
Event: 17.279 Thread 0x0000023178480bc0 flushing nmethod 0x0000023163ebe110
Event: 17.280 Thread 0x0000023178480bc0 flushing nmethod 0x0000023163ef8590
Event: 17.281 Thread 0x0000023178480bc0 flushing nmethod 0x0000023164049110
Event: 17.281 Thread 0x0000023178480bc0 flushing nmethod 0x0000023164062290
Event: 17.281 Thread 0x0000023178480bc0 flushing nmethod 0x0000023164099e90
Event: 17.281 Thread 0x0000023178480bc0 flushing nmethod 0x00000231640a4f90
Event: 17.281 Thread 0x0000023178480bc0 flushing nmethod 0x00000231640c9390
Event: 17.281 Thread 0x0000023178480bc0 flushing nmethod 0x0000023164143510
Event: 17.310 loading class java/util/Vector$Itr
Event: 17.311 loading class java/util/Vector$Itr done


Dynamic libraries:
0x00007ff69e790000 - 0x00007ff69e79a000 	C:\Program Files\Android\Android Studio\jbr\bin\java.exe
0x00007ffeeef30000 - 0x00007ffeef144000 	C:\Windows\SYSTEM32\ntdll.dll
0x00007ffeedf70000 - 0x00007ffeee032000 	C:\Windows\System32\KERNEL32.DLL
0x00007ffeec9a0000 - 0x00007ffeecd3c000 	C:\Windows\System32\KERNELBASE.dll
0x00007ffeec530000 - 0x00007ffeec641000 	C:\Windows\System32\ucrtbase.dll
0x00007ffedc180000 - 0x00007ffedc197000 	C:\Program Files\Android\Android Studio\jbr\bin\jli.dll
0x00007ffedc4b0000 - 0x00007ffedc4cb000 	C:\Program Files\Android\Android Studio\jbr\bin\VCRUNTIME140.dll
0x00007ffeee9a0000 - 0x00007ffeeeb4b000 	C:\Windows\System32\USER32.dll
0x00007ffeec830000 - 0x00007ffeec856000 	C:\Windows\System32\win32u.dll
0x00007ffedd430000 - 0x00007ffedd6be000 	C:\Windows\WinSxS\amd64_microsoft.windows.common-controls_6595b64144ccf1df_6.0.22621.317_none_a9434687c10c9fa2\COMCTL32.dll
0x00007ffeedd90000 - 0x00007ffeede37000 	C:\Windows\System32\msvcrt.dll
0x00007ffeee410000 - 0x00007ffeee439000 	C:\Windows\System32\GDI32.dll
0x00007ffeec410000 - 0x00007ffeec522000 	C:\Windows\System32\gdi32full.dll
0x00007ffeec370000 - 0x00007ffeec40a000 	C:\Windows\System32\msvcp_win.dll
0x00007ffeed1c0000 - 0x00007ffeed1f1000 	C:\Windows\System32\IMM32.DLL
0x00007ffee7830000 - 0x00007ffee783c000 	C:\Program Files\Android\Android Studio\jbr\bin\vcruntime140_1.dll
0x00007ffec6700000 - 0x00007ffec678d000 	C:\Program Files\Android\Android Studio\jbr\bin\msvcp140.dll
0x00007ffea5a70000 - 0x00007ffea66dd000 	C:\Program Files\Android\Android Studio\jbr\bin\server\jvm.dll
0x00007ffeede40000 - 0x00007ffeedeee000 	C:\Windows\System32\ADVAPI32.dll
0x00007ffeedb90000 - 0x00007ffeedc34000 	C:\Windows\System32\sechost.dll
0x00007ffeedc50000 - 0x00007ffeedd65000 	C:\Windows\System32\RPCRT4.dll
0x00007ffecdea0000 - 0x00007ffecdea9000 	C:\Windows\SYSTEM32\WSOCK32.dll
0x00007ffee2e60000 - 0x00007ffee2e94000 	C:\Windows\SYSTEM32\WINMM.dll
0x00007ffeedef0000 - 0x00007ffeedf61000 	C:\Windows\System32\WS2_32.dll
0x00007ffedda90000 - 0x00007ffedda9a000 	C:\Windows\SYSTEM32\VERSION.dll
0x00007ffeeb3f0000 - 0x00007ffeeb408000 	C:\Windows\SYSTEM32\kernel.appcore.dll
0x00007ffee77c0000 - 0x00007ffee77ca000 	C:\Program Files\Android\Android Studio\jbr\bin\jimage.dll
0x00007ffedb0a0000 - 0x00007ffedb2ce000 	C:\Windows\SYSTEM32\DBGHELP.DLL
0x00007ffeee440000 - 0x00007ffeee7c9000 	C:\Windows\System32\combase.dll
0x00007ffeeeb60000 - 0x00007ffeeec37000 	C:\Windows\System32\OLEAUT32.dll
0x00007ffedb060000 - 0x00007ffedb092000 	C:\Windows\SYSTEM32\dbgcore.DLL
0x00007ffeec920000 - 0x00007ffeec99b000 	C:\Windows\System32\bcryptPrimitives.dll
0x00007ffede6c0000 - 0x00007ffede6e5000 	C:\Program Files\Android\Android Studio\jbr\bin\java.dll
0x00007ffede6a0000 - 0x00007ffede6b8000 	C:\Program Files\Android\Android Studio\jbr\bin\zip.dll
0x00007ffeed2b0000 - 0x00007ffeeda8b000 	C:\Windows\System32\SHELL32.dll
0x00007ffeea3d0000 - 0x00007ffeeac85000 	C:\Windows\SYSTEM32\windows.storage.dll
0x00007ffeea290000 - 0x00007ffeea3cd000 	C:\Windows\SYSTEM32\wintypes.dll
0x00007ffeee260000 - 0x00007ffeee351000 	C:\Windows\System32\SHCORE.dll
0x00007ffeed250000 - 0x00007ffeed2ae000 	C:\Windows\System32\shlwapi.dll
0x00007ffeec2a0000 - 0x00007ffeec2c1000 	C:\Windows\SYSTEM32\profapi.dll
0x00007ffede680000 - 0x00007ffede699000 	C:\Program Files\Android\Android Studio\jbr\bin\net.dll
0x00007ffee4b60000 - 0x00007ffee4c8f000 	C:\Windows\SYSTEM32\WINHTTP.dll
0x00007ffeeb850000 - 0x00007ffeeb8b9000 	C:\Windows\system32\mswsock.dll
0x00007ffede660000 - 0x00007ffede676000 	C:\Program Files\Android\Android Studio\jbr\bin\nio.dll
0x00007ffede500000 - 0x00007ffede510000 	C:\Program Files\Android\Android Studio\jbr\bin\verify.dll

dbghelp: loaded successfully - version: 4.0.5 - missing functions: none
symbol engine: initialized successfully - sym options: 0x614 - pdb path: .;C:\Program Files\Android\Android Studio\jbr\bin;C:\Windows\SYSTEM32;C:\Windows\WinSxS\amd64_microsoft.windows.common-controls_6595b64144ccf1df_6.0.22621.317_none_a9434687c10c9fa2;C:\Program Files\Android\Android Studio\jbr\bin\server

VM Arguments:
java_command: org.jetbrains.kotlin.cli.jvm.K2JVMCompiler @C:\Users\ahmed\AndroidStudioProjects\MusicApp\app\build\20230705_12907077101334928283.compiler.options
java_class_path (initial): C:\Users\ahmed\.gradle\caches\modules-2\files-2.1\org.jetbrains.kotlin\kotlin-compiler-embeddable\1.7.20\8db18559a581dd2c36ddfd5046af145650f5b126\kotlin-compiler-embeddable-1.7.20.jar;C:\Users\ahmed\.gradle\caches\modules-2\files-2.1\org.jetbrains.kotlin\kotlin-reflect\1.7.20\12b2501e33bb6373e8e347c86d85481863629381\kotlin-reflect-1.7.20.jar;C:\Users\ahmed\.gradle\caches\modules-2\files-2.1\org.jetbrains.kotlin\kotlin-stdlib\1.7.20\726594ea9ba2beb2ee113647fefa9a10f9fabe52\kotlin-stdlib-1.7.20.jar;C:\Users\ahmed\.gradle\caches\modules-2\files-2.1\org.jetbrains.kotlin\kotlin-script-runtime\1.7.20\bcd1cc6f865e632550357fcc59f5ffd532615a8\kotlin-script-runtime-1.7.20.jar;C:\Users\ahmed\.gradle\caches\modules-2\files-2.1\org.jetbrains.kotlin\kotlin-daemon-embeddable\1.7.20\1e24355adad8d529d75d5b19eab55484057431ba\kotlin-daemon-embeddable-1.7.20.jar;C:\Users\ahmed\.gradle\caches\modules-2\files-2.1\org.jetbrains.intellij.deps\trove4j\1.0.20200330\3afb14d5f9ceb459d724e907a21145e8ff394f02\trove4j-1.0.20200330.jar;C:\Users\ahmed\.gradle\caches\modules-2\files-2.1\net.java.dev.jna\jna\5.6.0\330f2244e9030119ab3030fc3fededc86713d9cc\jna-5.6.0.jar;C:\Users\ahmed\.gradle\caches\modules-2\files-2.1\org.jetbrains.kotlin\kotlin-stdlib-common\1.7.20\e15351bdaf9fa06f009be5da7a202e4184f00ae3\kotlin-stdlib-common-1.7.20.jar;C:\Users\ahmed\.gradle\caches\modules-2\files-2.1\org.jetbrains\annotations\13.0\919f0dfe192fb4e063e7dacadee7f8bb9a2672a9\annotations-13.0.jar
Launcher Type: SUN_STANDARD

[Global flags]
     intx CICompilerCount                          = 3                                         {product} {ergonomic}
     uint ConcGCThreads                            = 1                                         {product} {ergonomic}
     uint G1ConcRefinementThreads                  = 4                                         {product} {ergonomic}
   size_t G1HeapRegionSize                         = 1048576                                   {product} {ergonomic}
    uintx GCDrainStackTargetSize                   = 64                                        {product} {ergonomic}
   size_t InitialHeapSize                          = 134217728                                 {product} {ergonomic}
   size_t MarkStackSize                            = 4194304                                   {product} {ergonomic}
   size_t MaxHeapSize                              = 2116026368                                {product} {ergonomic}
   size_t MaxNewSize                               = 1268776960                                {product} {ergonomic}
   size_t MinHeapDeltaBytes                        = 1048576                                   {product} {ergonomic}
   size_t MinHeapSize                              = 8388608                                   {product} {ergonomic}
    uintx NonNMethodCodeHeapSize                   = 5832780                                {pd product} {ergonomic}
    uintx NonProfiledCodeHeapSize                  = 122912730                              {pd product} {ergonomic}
    uintx ProfiledCodeHeapSize                     = 122912730                              {pd product} {ergonomic}
    uintx ReservedCodeCacheSize                    = 251658240                              {pd product} {ergonomic}
     bool SegmentedCodeCache                       = true                                      {product} {ergonomic}
   size_t SoftMaxHeapSize                          = 2116026368                             {manageable} {ergonomic}
     bool UseCompressedClassPointers               = true                           {product lp64_product} {ergonomic}
     bool UseCompressedOops                        = true                           {product lp64_product} {ergonomic}
     bool UseG1GC                                  = true                                      {product} {ergonomic}
     bool UseLargePagesIndividualAllocation        = false                                  {pd product} {ergonomic}

Logging:
Log output configuration:
 #0: stdout all=warning uptime,level,tags
 #1: stderr all=off uptime,level,tags

Environment Variables:
PATH=C:\Program Files\Eclipse Adoptium\jdk-17.0.7.7-hotspot\bin;C:\Program Files\Common Files\Oracle\Java\javapath;C:\Windows\system32;C:\Windows;C:\Windows\System32\Wbem;C:\Windows\System32\WindowsPowerShell\v1.0\;C:\Windows\System32\OpenSSH\;C:\Program Files\dotnet\;C:\Program Files\nodejs\;C:\ProgramData\chocolatey\bin;C:\xampp\php;C:\composer;C:\ProgramData\ComposerSetup\bin;C:\Program Files\Git\cmd;C:\Users\ahmed\AppData\Local\Microsoft\WindowsApps;C:\Users\ahmed\AppData\Roaming\npm;C:\Users\ahmed\AppData\Local\Programs\Microsoft VS Code\bin;C:\Users\ahmed\AppData\Roaming\Composer\vendor\bin;C:\Program Files\heroku\bin
USERNAME=ahmed
OS=Windows_NT
PROCESSOR_IDENTIFIER=Intel64 Family 6 Model 58 Stepping 9, GenuineIntel
TMP=C:\Users\ahmed\AppData\Local\Temp
TEMP=C:\Users\ahmed\AppData\Local\Temp



---------------  S Y S T E M  ---------------

OS:
 Windows 11 , 64 bit Build 22621 (10.0.22621.457)
OS uptime: 0 days 14:03 hours

CPU: total 4 (initial active 4) (4 cores per cpu, 1 threads per core) family 6 model 58 stepping 9 microcode 0x21, cx8, cmov, fxsr, mmx, sse, sse2, sse3, ssse3, sse4.1, sse4.2, popcnt, tsc, tscinvbit, avx, aes, erms, clmul, vzeroupper, clflush

Memory: 4k page, system-wide physical 8066M (607M free)
TotalPageFile size 10113M (AvailPageFile size 138M)
current process WorkingSet (physical memory assigned to process): 431M, peak: 435M
current process commit charge ("private bytes"): 460M, peak: 645M

vm_info: OpenJDK 64-Bit Server VM (17.0.6+0-b2043.56-9586694) for windows-amd64 JRE (17.0.6+0-b2043.56-9586694), built on Feb  9 2023 20:06:20 by "androidbuild" with MS VC++ 16.10 / 16.11 (VS2019)

END.
