#
# There is insufficient memory for the Java Runtime Environment to continue.
# Native memory allocation (malloc) failed to allocate 517456 bytes for Chunk::new
# Possible reasons:
#   The system is out of physical RAM or swap space
#   The process is running with CompressedOops enabled, and the Java Heap may be blocking the growth of the native heap
# Possible solutions:
#   Reduce memory load on the system
#   Increase physical memory or swap space
#   Check if swap backing store is full
#   Decrease Java heap size (-Xmx/-Xms)
#   Decrease number of Java threads
#   Decrease Java thread stack sizes (-Xss)
#   Set larger code cache with -XX:ReservedCodeCacheSize=
#   JVM is running with Unscaled Compressed Oops mode in which the Java heap is
#     placed in the first 4GB address space. The Java Heap base address is the
#     maximum limit for the native heap growth. Please use -XX:HeapBaseMinAddress
#     to set the Java Heap base and to place the Java Heap above 4GB virtual address.
# This output file may be truncated or incomplete.
#
#  Out of Memory Error (arena.cpp:189), pid=9280, tid=10820
#
# JRE version: OpenJDK Runtime Environment (17.0.6) (build 17.0.6+0-b2043.56-9586694)
# Java VM: OpenJDK 64-Bit Server VM (17.0.6+0-b2043.56-9586694, mixed mode, tiered, compressed oops, compressed class ptrs, g1 gc, windows-amd64)
# No core dump will be written. Minidumps are not enabled by default on client versions of Windows
#

---------------  S U M M A R Y ------------

Command Line: --add-opens=java.base/java.util=ALL-UNNAMED --add-opens=java.base/java.lang=ALL-UNNAMED --add-opens=java.base/java.lang.invoke=ALL-UNNAMED --add-opens=java.prefs/java.util.prefs=ALL-UNNAMED --add-opens=java.base/java.nio.charset=ALL-UNNAMED --add-opens=java.base/java.net=ALL-UNNAMED --add-opens=java.base/java.util.concurrent.atomic=ALL-UNNAMED -Xmx2048m -Dfile.encoding=UTF-8 -Duser.country=US -Duser.language=en -Duser.variant org.gradle.launcher.daemon.bootstrap.GradleDaemon 8.0

Host: Intel(R) Core(TM) i5-3570 CPU @ 3.40GHz, 4 cores, 7G,  Windows 11 , 64 bit Build 22621 (10.0.22621.457)
Time: Thu Jul  6 18:40:13 2023 Egypt Standard Time elapsed time: 289.220718 seconds (0d 0h 4m 49s)

---------------  T H R E A D  ---------------

Current thread (0x000002d9fac1a330):  JavaThread "C2 CompilerThread0" daemon [_thread_in_native, id=10820, stack(0x000000fd3b200000,0x000000fd3b300000)]


Current CompileTask:
C2: 289220 21637       4       sun.net.util.URLUtil::urlNoFragString (114 bytes)

Stack: [0x000000fd3b200000,0x000000fd3b300000]
Native frames: (J=compiled Java code, j=interpreted, Vv=VM code, C=native code)
V  [jvm.dll+0x683b4a]
V  [jvm.dll+0x842654]
V  [jvm.dll+0x843dfe]
V  [jvm.dll+0x844463]
V  [jvm.dll+0x249b75]
V  [jvm.dll+0xabcac]
V  [jvm.dll+0xac27c]
V  [jvm.dll+0x368857]
V  [jvm.dll+0x1bced2]
V  [jvm.dll+0x21c359]
V  [jvm.dll+0x21b621]
V  [jvm.dll+0x1a4fdd]
V  [jvm.dll+0x22b098]
V  [jvm.dll+0x229159]
V  [jvm.dll+0x7f809c]
V  [jvm.dll+0x7f25fa]
V  [jvm.dll+0x682985]
C  [ucrtbase.dll+0x29363]
C  [KERNEL32.DLL+0x1244d]
C  [ntdll.dll+0x5df78]


---------------  P R O C E S S  ---------------

Threads class SMR info:
_java_thread_list=0x000002d9859cb7d0, length=95, elements={
0x000002d9e0b37850, 0x000002d9fa0fc0e0, 0x000002d9fa0feca0, 0x000002d9fa12a760,
0x000002d9fa12d130, 0x000002d9fa12dae0, 0x000002d9fa12e490, 0x000002d9fac1a330,
0x000002d9fac2ea00, 0x000002d9fac403e0, 0x000002d9fad96f50, 0x000002d9fadb2a40,
0x000002d9fc528820, 0x000002d9fbb6f650, 0x000002d9fb0a0ce0, 0x000002d9fb303960,
0x000002d9fb25b830, 0x000002d9fb4db520, 0x000002d9fb4de070, 0x000002d9fb4dd200,
0x000002d9fb4ddba0, 0x000002d9fb4de540, 0x000002d9fb4dcd30, 0x000002d9fd1bc7b0,
0x000002d9fd1bbe10, 0x000002d9fd1b8450, 0x000002d9fd1b6c40, 0x000002d9fd1bd150,
0x000002d9fc380e00, 0x000002d9851fcbb0, 0x000002d9fc37caa0, 0x000002d9fc37e2b0,
0x000002d984fc3210, 0x000002d9fc37fac0, 0x000002d9822ab3a0, 0x000002d984fc2d40,
0x000002d9fd1b75e0, 0x000002d9822ab870, 0x000002d9822aa060, 0x000002d9fd379010,
0x000002d9fd377800, 0x000002d9fd3799b0, 0x000002d9fd377cd0, 0x000002d984fc36e0,
0x000002d9fd1bb940, 0x000002d9fd1ba600, 0x000002d9fd1baad0, 0x000002d9fd1bdfc0,
0x000002d9fd1be490, 0x000002d9fd1bc2e0, 0x000002d9fd1bafa0, 0x000002d9fd1b7f80,
0x000002d9fd1b8920, 0x000002d9fd1b8df0, 0x000002d9fd1b9790, 0x000002d9fd1b9c60,
0x000002d9fd1ba130, 0x000002d9fc37d910, 0x000002d9fc37c5d0, 0x000002d9fc383950,
0x000002d9fc380930, 0x000002d9fc37f120, 0x000002d9fc37cf70, 0x000002d9fc382140,
0x000002d9fc37d440, 0x000002d9fc37dde0, 0x000002d9fc37e780, 0x000002d9fc37ec50,
0x000002d9fb4dc860, 0x000002d9fb4dd6d0, 0x000002d9fb4db9f0, 0x000002d9fb4dc390,
0x000002d9fb4dea10, 0x000002d9fb4dbec0, 0x000002d9fb4db050, 0x000002d9ff094570,
0x000002d9ff091550, 0x000002d9ff091a20, 0x000002d9ff094a40, 0x000002d9ff093bd0,
0x000002d9ff091ef0, 0x000002d9ff091080, 0x000002d9ff0940a0, 0x000002d9ff092d60,
0x000002d9851fb870, 0x000002d9851fd080, 0x000002d9851fda20, 0x000002d9851fc6e0,
0x000002d9851fc210, 0x000002d9851fa060, 0x000002d9842a1a10, 0x000002d9fd376990,
0x000002d9842a1070, 0x000002d9fd378670, 0x000002d9842a1540
}

Java Threads: ( => current thread )
  0x000002d9e0b37850 JavaThread "main" [_thread_blocked, id=9764, stack(0x000000fd3a500000,0x000000fd3a600000)]
  0x000002d9fa0fc0e0 JavaThread "Reference Handler" daemon [_thread_blocked, id=7248, stack(0x000000fd3ac00000,0x000000fd3ad00000)]
  0x000002d9fa0feca0 JavaThread "Finalizer" daemon [_thread_blocked, id=992, stack(0x000000fd3ad00000,0x000000fd3ae00000)]
  0x000002d9fa12a760 JavaThread "Signal Dispatcher" daemon [_thread_blocked, id=11140, stack(0x000000fd3ae00000,0x000000fd3af00000)]
  0x000002d9fa12d130 JavaThread "Attach Listener" daemon [_thread_blocked, id=4644, stack(0x000000fd3af00000,0x000000fd3b000000)]
  0x000002d9fa12dae0 JavaThread "Service Thread" daemon [_thread_blocked, id=11092, stack(0x000000fd3b000000,0x000000fd3b100000)]
  0x000002d9fa12e490 JavaThread "Monitor Deflation Thread" daemon [_thread_blocked, id=2424, stack(0x000000fd3b100000,0x000000fd3b200000)]
=>0x000002d9fac1a330 JavaThread "C2 CompilerThread0" daemon [_thread_in_native, id=10820, stack(0x000000fd3b200000,0x000000fd3b300000)]
  0x000002d9fac2ea00 JavaThread "C1 CompilerThread0" daemon [_thread_blocked, id=636, stack(0x000000fd3b300000,0x000000fd3b400000)]
  0x000002d9fac403e0 JavaThread "Sweeper thread" daemon [_thread_blocked, id=5032, stack(0x000000fd3b400000,0x000000fd3b500000)]
  0x000002d9fad96f50 JavaThread "Common-Cleaner" daemon [_thread_blocked, id=9952, stack(0x000000fd3b500000,0x000000fd3b600000)]
  0x000002d9fadb2a40 JavaThread "Notification Thread" daemon [_thread_blocked, id=1152, stack(0x000000fd3b600000,0x000000fd3b700000)]
  0x000002d9fc528820 JavaThread "Daemon health stats" [_thread_blocked, id=3660, stack(0x000000fd3bb00000,0x000000fd3bc00000)]
  0x000002d9fbb6f650 JavaThread "Incoming local TCP Connector on port 54508" [_thread_in_native, id=640, stack(0x000000fd3bc00000,0x000000fd3bd00000)]
  0x000002d9fb0a0ce0 JavaThread "Daemon periodic checks" [_thread_blocked, id=8124, stack(0x000000fd3bd00000,0x000000fd3be00000)]
  0x000002d9fb303960 JavaThread "Daemon" [_thread_blocked, id=5820, stack(0x000000fd3be00000,0x000000fd3bf00000)]
  0x000002d9fb25b830 JavaThread "Daemon worker" [_thread_in_native, id=8316, stack(0x000000fd3c100000,0x000000fd3c200000)]
  0x000002d9fb4db520 JavaThread "Cache worker for journal cache (C:\Users\ahmed\.gradle\caches\journal-1)" [_thread_blocked, id=1188, stack(0x000000fd3c500000,0x000000fd3c600000)]
  0x000002d9fb4de070 JavaThread "File lock request listener" [_thread_in_native, id=9928, stack(0x000000fd3c600000,0x000000fd3c700000)]
  0x000002d9fb4dd200 JavaThread "Cache worker for file hash cache (C:\Users\ahmed\.gradle\caches\8.0\fileHashes)" [_thread_blocked, id=7480, stack(0x000000fd3c700000,0x000000fd3c800000)]
  0x000002d9fb4ddba0 JavaThread "File watcher server" daemon [_thread_in_native, id=10844, stack(0x000000fd3c800000,0x000000fd3c900000)]
  0x000002d9fb4de540 JavaThread "File watcher consumer" daemon [_thread_blocked, id=8516, stack(0x000000fd3c900000,0x000000fd3ca00000)]
  0x000002d9fb4dcd30 JavaThread "Cache worker for file content cache (C:\Users\ahmed\.gradle\caches\8.0\fileContent)" [_thread_blocked, id=8200, stack(0x000000fd3cc00000,0x000000fd3cd00000)]
  0x000002d9fd1bc7b0 JavaThread "Cache worker for execution history cache (C:\Users\ahmed\.gradle\caches\8.0\executionHistory)" [_thread_blocked, id=10028, stack(0x000000fd3cf00000,0x000000fd3d000000)]
  0x000002d9fd1bbe10 JavaThread "jar transforms" [_thread_blocked, id=6924, stack(0x000000fd3d000000,0x000000fd3d100000)]
  0x000002d9fd1b8450 JavaThread "jar transforms Thread 2" [_thread_blocked, id=11244, stack(0x000000fd3d100000,0x000000fd3d200000)]
  0x000002d9fd1b6c40 JavaThread "jar transforms Thread 3" [_thread_blocked, id=8676, stack(0x000000fd3d200000,0x000000fd3d300000)]
  0x000002d9fd1bd150 JavaThread "jar transforms Thread 4" [_thread_blocked, id=4472, stack(0x000000fd3d500000,0x000000fd3d600000)]
  0x000002d9fc380e00 JavaThread "Memory manager" [_thread_blocked, id=4900, stack(0x000000fd3a300000,0x000000fd3a400000)]
  0x000002d9851fcbb0 JavaThread "RMI Scheduler(0)" daemon [_thread_blocked, id=8512, stack(0x000000fd40a00000,0x000000fd40b00000)]
  0x000002d9fc37caa0 JavaThread "RMI GC Daemon" daemon [_thread_blocked, id=11192, stack(0x000000fd40c00000,0x000000fd40d00000)]
  0x000002d9fc37e2b0 JavaThread "RMI TCP Accept-0" daemon [_thread_in_native, id=10984, stack(0x000000fd40d00000,0x000000fd40e00000)]
  0x000002d984fc3210 JavaThread "RMI Reaper" [_thread_blocked, id=11240, stack(0x000000fd40e00000,0x000000fd40f00000)]
  0x000002d9fc37fac0 JavaThread "RMI TCP Connection(idle)" daemon [_thread_blocked, id=7304, stack(0x000000fd40f00000,0x000000fd41000000)]
  0x000002d9822ab3a0 JavaThread "Handler for socket connection from /127.0.0.1:54508 to /127.0.0.1:54696" [_thread_in_native, id=2572, stack(0x000000fd3a200000,0x000000fd3a300000)]
  0x000002d984fc2d40 JavaThread "Cancel handler" [_thread_blocked, id=7260, stack(0x000000fd3a400000,0x000000fd3a500000)]
  0x000002d9fd1b75e0 JavaThread "Asynchronous log dispatcher for DefaultDaemonConnection: socket connection from /127.0.0.1:54508 to /127.0.0.1:54696" [_thread_blocked, id=10148, stack(0x000000fd3bf00000,0x000000fd3c000000)]
  0x000002d9822ab870 JavaThread "Daemon client event forwarder" [_thread_blocked, id=9876, stack(0x000000fd3c200000,0x000000fd3c300000)]
  0x000002d9822aa060 JavaThread "Cache worker for checksums cache (C:\Users\ahmed\AndroidStudioProjects\MusicApp\.gradle\8.0\checksums)" [_thread_blocked, id=10684, stack(0x000000fd3ca00000,0x000000fd3cb00000)]
  0x000002d9fd379010 JavaThread "Cache worker for cache directory md-rule (C:\Users\ahmed\.gradle\caches\8.0\md-rule)" [_thread_blocked, id=8660, stack(0x000000fd3cb00000,0x000000fd3cc00000)]
  0x000002d9fd377800 JavaThread "Cache worker for file hash cache (C:\Users\ahmed\AndroidStudioProjects\MusicApp\.gradle\8.0\fileHashes)" [_thread_blocked, id=8636, stack(0x000000fd3cd00000,0x000000fd3ce00000)]
  0x000002d9fd3799b0 JavaThread "Cache worker for cache directory md-supplier (C:\Users\ahmed\.gradle\caches\8.0\md-supplier)" [_thread_blocked, id=5788, stack(0x000000fd3ce00000,0x000000fd3cf00000)]
  0x000002d9fd377cd0 JavaThread "Cache worker for dependencies-accessors (C:\Users\ahmed\AndroidStudioProjects\MusicApp\.gradle\8.0\dependencies-accessors)" [_thread_blocked, id=10604, stack(0x000000fd3d400000,0x000000fd3d500000)]
  0x000002d984fc36e0 JavaThread "Cache worker for Build Output Cleanup Cache (C:\Users\ahmed\AndroidStudioProjects\MusicApp\.gradle\buildOutputCleanup)" [_thread_blocked, id=1860, stack(0x000000fd3d600000,0x000000fd3d700000)]
  0x000002d9fd1bb940 JavaThread "Unconstrained build operations" [_thread_blocked, id=10968, stack(0x000000fd3c400000,0x000000fd3c500000)]
  0x000002d9fd1ba600 JavaThread "Unconstrained build operations Thread 2" [_thread_blocked, id=10408, stack(0x000000fd3d700000,0x000000fd3d800000)]
  0x000002d9fd1baad0 JavaThread "Unconstrained build operations Thread 3" [_thread_blocked, id=10296, stack(0x000000fd3d800000,0x000000fd3d900000)]
  0x000002d9fd1bdfc0 JavaThread "Unconstrained build operations Thread 4" [_thread_blocked, id=1984, stack(0x000000fd3d900000,0x000000fd3da00000)]
  0x000002d9fd1be490 JavaThread "Unconstrained build operations Thread 5" [_thread_blocked, id=4776, stack(0x000000fd3da00000,0x000000fd3db00000)]
  0x000002d9fd1bc2e0 JavaThread "Unconstrained build operations Thread 6" [_thread_blocked, id=11220, stack(0x000000fd3db00000,0x000000fd3dc00000)]
  0x000002d9fd1bafa0 JavaThread "Unconstrained build operations Thread 7" [_thread_blocked, id=10088, stack(0x000000fd3dc00000,0x000000fd3dd00000)]
  0x000002d9fd1b7f80 JavaThread "Unconstrained build operations Thread 8" [_thread_blocked, id=10860, stack(0x000000fd3dd00000,0x000000fd3de00000)]
  0x000002d9fd1b8920 JavaThread "Unconstrained build operations Thread 9" [_thread_blocked, id=10936, stack(0x000000fd3de00000,0x000000fd3df00000)]
  0x000002d9fd1b8df0 JavaThread "Unconstrained build operations Thread 10" [_thread_blocked, id=3684, stack(0x000000fd3df00000,0x000000fd3e000000)]
  0x000002d9fd1b9790 JavaThread "Unconstrained build operations Thread 11" [_thread_blocked, id=10292, stack(0x000000fd3e000000,0x000000fd3e100000)]
  0x000002d9fd1b9c60 JavaThread "Unconstrained build operations Thread 12" [_thread_blocked, id=7220, stack(0x000000fd3e100000,0x000000fd3e200000)]
  0x000002d9fd1ba130 JavaThread "Unconstrained build operations Thread 13" [_thread_blocked, id=10824, stack(0x000000fd3e200000,0x000000fd3e300000)]
  0x000002d9fc37d910 JavaThread "Unconstrained build operations Thread 14" [_thread_blocked, id=10528, stack(0x000000fd3e300000,0x000000fd3e400000)]
  0x000002d9fc37c5d0 JavaThread "Unconstrained build operations Thread 15" [_thread_blocked, id=6364, stack(0x000000fd3e400000,0x000000fd3e500000)]
  0x000002d9fc383950 JavaThread "Unconstrained build operations Thread 16" [_thread_blocked, id=3932, stack(0x000000fd3e500000,0x000000fd3e600000)]
  0x000002d9fc380930 JavaThread "Unconstrained build operations Thread 17" [_thread_blocked, id=11144, stack(0x000000fd3e600000,0x000000fd3e700000)]
  0x000002d9fc37f120 JavaThread "Unconstrained build operations Thread 18" [_thread_blocked, id=7944, stack(0x000000fd3e700000,0x000000fd3e800000)]
  0x000002d9fc37cf70 JavaThread "Unconstrained build operations Thread 19" [_thread_blocked, id=10348, stack(0x000000fd3e800000,0x000000fd3e900000)]
  0x000002d9fc382140 JavaThread "Unconstrained build operations Thread 20" [_thread_blocked, id=4276, stack(0x000000fd3e900000,0x000000fd3ea00000)]
  0x000002d9fc37d440 JavaThread "Unconstrained build operations Thread 21" [_thread_blocked, id=5040, stack(0x000000fd3ea00000,0x000000fd3eb00000)]
  0x000002d9fc37dde0 JavaThread "Unconstrained build operations Thread 22" [_thread_blocked, id=6132, stack(0x000000fd3eb00000,0x000000fd3ec00000)]
  0x000002d9fc37e780 JavaThread "Unconstrained build operations Thread 23" [_thread_blocked, id=9576, stack(0x000000fd3ec00000,0x000000fd3ed00000)]
  0x000002d9fc37ec50 JavaThread "Unconstrained build operations Thread 24" [_thread_blocked, id=5488, stack(0x000000fd3ed00000,0x000000fd3ee00000)]
  0x000002d9fb4dc860 JavaThread "Unconstrained build operations Thread 25" [_thread_blocked, id=4688, stack(0x000000fd3ee00000,0x000000fd3ef00000)]
  0x000002d9fb4dd6d0 JavaThread "Unconstrained build operations Thread 26" [_thread_blocked, id=6012, stack(0x000000fd3ef00000,0x000000fd3f000000)]
  0x000002d9fb4db9f0 JavaThread "Unconstrained build operations Thread 27" [_thread_blocked, id=10628, stack(0x000000fd3f000000,0x000000fd3f100000)]
  0x000002d9fb4dc390 JavaThread "Unconstrained build operations Thread 28" [_thread_blocked, id=4068, stack(0x000000fd3f100000,0x000000fd3f200000)]
  0x000002d9fb4dea10 JavaThread "Unconstrained build operations Thread 29" [_thread_blocked, id=2068, stack(0x000000fd3f200000,0x000000fd3f300000)]
  0x000002d9fb4dbec0 JavaThread "Unconstrained build operations Thread 30" [_thread_blocked, id=6684, stack(0x000000fd3f300000,0x000000fd3f400000)]
  0x000002d9fb4db050 JavaThread "Unconstrained build operations Thread 31" [_thread_blocked, id=4880, stack(0x000000fd3f400000,0x000000fd3f500000)]
  0x000002d9ff094570 JavaThread "Unconstrained build operations Thread 32" [_thread_blocked, id=1940, stack(0x000000fd3f500000,0x000000fd3f600000)]
  0x000002d9ff091550 JavaThread "Unconstrained build operations Thread 33" [_thread_blocked, id=4000, stack(0x000000fd3f600000,0x000000fd3f700000)]
  0x000002d9ff091a20 JavaThread "Unconstrained build operations Thread 34" [_thread_blocked, id=10492, stack(0x000000fd3f700000,0x000000fd3f800000)]
  0x000002d9ff094a40 JavaThread "Unconstrained build operations Thread 35" [_thread_blocked, id=1452, stack(0x000000fd3f800000,0x000000fd3f900000)]
  0x000002d9ff093bd0 JavaThread "Unconstrained build operations Thread 36" [_thread_blocked, id=10096, stack(0x000000fd3f900000,0x000000fd3fa00000)]
  0x000002d9ff091ef0 JavaThread "Unconstrained build operations Thread 37" [_thread_blocked, id=10752, stack(0x000000fd3fa00000,0x000000fd3fb00000)]
  0x000002d9ff091080 JavaThread "Unconstrained build operations Thread 38" [_thread_blocked, id=2380, stack(0x000000fd3fb00000,0x000000fd3fc00000)]
  0x000002d9ff0940a0 JavaThread "Unconstrained build operations Thread 39" [_thread_blocked, id=4456, stack(0x000000fd3fc00000,0x000000fd3fd00000)]
  0x000002d9ff092d60 JavaThread "Unconstrained build operations Thread 40" [_thread_blocked, id=6480, stack(0x000000fd3fd00000,0x000000fd3fe00000)]
  0x000002d9851fb870 JavaThread "included builds" [_thread_blocked, id=9708, stack(0x000000fd40000000,0x000000fd40100000)]
  0x000002d9851fd080 JavaThread "Execution worker" [_thread_blocked, id=9388, stack(0x000000fd40100000,0x000000fd40200000)]
  0x000002d9851fda20 JavaThread "Execution worker Thread 2" [_thread_blocked, id=1336, stack(0x000000fd40200000,0x000000fd40300000)]
  0x000002d9851fc6e0 JavaThread "Execution worker Thread 3" [_thread_blocked, id=11236, stack(0x000000fd40300000,0x000000fd40400000)]
  0x000002d9851fc210 JavaThread "Cache worker for execution history cache (C:\Users\ahmed\AndroidStudioProjects\MusicApp\.gradle\8.0\executionHistory)" [_thread_blocked, id=7360, stack(0x000000fd40400000,0x000000fd40500000)]
  0x000002d9851fa060 JavaThread "WorkerExecutor Queue" [_thread_blocked, id=10536, stack(0x000000fd40500000,0x000000fd40600000)]
  0x000002d9842a1a10 JavaThread "WorkerExecutor Queue Thread 3" [_thread_blocked, id=5116, stack(0x000000fd40600000,0x000000fd40700000)]
  0x000002d9fd376990 JavaThread "WorkerExecutor Queue Thread 4" [_thread_blocked, id=10688, stack(0x000000fd40b00000,0x000000fd40c00000)]
  0x000002d9842a1070 JavaThread "ForkJoinPool.commonPool-worker-1" daemon [_thread_blocked, id=360, stack(0x000000fd3c000000,0x000000fd3c100000)]
  0x000002d9fd378670 JavaThread "ForkJoinPool.commonPool-worker-2" daemon [_thread_blocked, id=10732, stack(0x000000fd3c300000,0x000000fd3c400000)]
  0x000002d9842a1540 JavaThread "ForkJoinPool.commonPool-worker-3" daemon [_thread_blocked, id=5196, stack(0x000000fd40900000,0x000000fd40a00000)]

Other Threads:
  0x000002d9fa0fa630 VMThread "VM Thread" [stack: 0x000000fd3ab00000,0x000000fd3ac00000] [id=5360]
  0x000002d9e0baf090 WatcherThread [stack: 0x000000fd3b700000,0x000000fd3b800000] [id=4164]
  0x000002d9e0b90da0 GCTaskThread "GC Thread#0" [stack: 0x000000fd3a600000,0x000000fd3a700000] [id=9804]
  0x000002d9fb49f580 GCTaskThread "GC Thread#1" [stack: 0x000000fd3b900000,0x000000fd3ba00000] [id=10180]
  0x000002d9fb4e34c0 GCTaskThread "GC Thread#2" [stack: 0x000000fd3ba00000,0x000000fd3bb00000] [id=2576]
  0x000002d9fb9e6cc0 GCTaskThread "GC Thread#3" [stack: 0x000000fd3b800000,0x000000fd3b900000] [id=7352]
  0x000002d9e0ba2e50 ConcurrentGCThread "G1 Main Marker" [stack: 0x000000fd3a700000,0x000000fd3a800000] [id=5364]
  0x000002d9e0ba4000 ConcurrentGCThread "G1 Conc#0" [stack: 0x000000fd3a800000,0x000000fd3a900000] [id=7000]
  0x000002d9e0bfe860 ConcurrentGCThread "G1 Refine#0" [stack: 0x000000fd3a900000,0x000000fd3aa00000] [id=9924]
  0x000002d9fedf5530 ConcurrentGCThread "G1 Refine#1" [stack: 0x000000fd3d300000,0x000000fd3d400000] [id=11048]
  0x000002d9f9f50290 ConcurrentGCThread "G1 Service" [stack: 0x000000fd3aa00000,0x000000fd3ab00000] [id=2632]

Threads with active compile tasks:
C2 CompilerThread0   291346 21637       4       sun.net.util.URLUtil::urlNoFragString (114 bytes)

VM state: not at safepoint (normal execution)

VM Mutex/Monitor currently owned by a thread: None

Heap address: 0x0000000080000000, size: 2048 MB, Compressed Oops mode: 32-bit

CDS archive(s) not mapped
Compressed class space mapped at: 0x0000000100000000-0x0000000140000000, reserved size: 1073741824
Narrow klass base: 0x0000000000000000, Narrow klass shift: 3, Narrow klass range: 0x140000000

GC Precious Log:
 CPUs: 4 total, 4 available
 Memory: 8066M
 Large Page Support: Disabled
 NUMA Support: Disabled
 Compressed Oops: Enabled (32-bit)
 Heap Region Size: 1M
 Heap Min Capacity: 8M
 Heap Initial Capacity: 128M
 Heap Max Capacity: 2G
 Pre-touch: Disabled
 Parallel Workers: 4
 Concurrent Workers: 1
 Concurrent Refinement Workers: 4
 Periodic GC: Disabled

Heap:
 garbage-first heap   total 271360K, used 202788K [0x0000000080000000, 0x0000000100000000)
  region size 1024K, 6 young (6144K), 3 survivors (3072K)
 Metaspace       used 126198K, committed 127040K, reserved 1163264K
  class space    used 17046K, committed 17472K, reserved 1048576K

Heap Regions: E=young(eden), S=young(survivor), O=old, HS=humongous(starts), HC=humongous(continues), CS=collection set, F=free, OA=open archive, CA=closed archive, TAMS=top-at-mark-start (previous, next)
|   0|0x0000000080000000, 0x0000000080100000, 0x0000000080100000|100%| O|  |TAMS 0x0000000080100000, 0x0000000080000000| Untracked 
|   1|0x0000000080100000, 0x0000000080200000, 0x0000000080200000|100%| O|  |TAMS 0x0000000080200000, 0x0000000080100000| Untracked 
|   2|0x0000000080200000, 0x0000000080300000, 0x0000000080300000|100%|HS|  |TAMS 0x0000000080300000, 0x0000000080200000| Complete 
|   3|0x0000000080300000, 0x0000000080400000, 0x0000000080400000|100%|HC|  |TAMS 0x0000000080400000, 0x0000000080300000| Complete 
|   4|0x0000000080400000, 0x0000000080500000, 0x0000000080500000|100%|HC|  |TAMS 0x0000000080500000, 0x0000000080400000| Complete 
|   5|0x0000000080500000, 0x0000000080600000, 0x0000000080600000|100%|HC|  |TAMS 0x0000000080600000, 0x0000000080500000| Complete 
|   6|0x0000000080600000, 0x0000000080700000, 0x0000000080700000|100%| O|  |TAMS 0x0000000080700000, 0x0000000080600000| Untracked 
|   7|0x0000000080700000, 0x0000000080800000, 0x0000000080800000|100%| O|  |TAMS 0x0000000080800000, 0x0000000080700000| Untracked 
|   8|0x0000000080800000, 0x0000000080900000, 0x0000000080900000|100%| O|  |TAMS 0x0000000080900000, 0x0000000080800000| Untracked 
|   9|0x0000000080900000, 0x0000000080a00000, 0x0000000080a00000|100%| O|  |TAMS 0x0000000080a00000, 0x0000000080900000| Untracked 
|  10|0x0000000080a00000, 0x0000000080b00000, 0x0000000080b00000|100%| O|  |TAMS 0x0000000080b00000, 0x0000000080a00000| Untracked 
|  11|0x0000000080b00000, 0x0000000080c00000, 0x0000000080c00000|100%| O|  |TAMS 0x0000000080c00000, 0x0000000080b00000| Untracked 
|  12|0x0000000080c00000, 0x0000000080d00000, 0x0000000080d00000|100%| O|  |TAMS 0x0000000080d00000, 0x0000000080c00000| Untracked 
|  13|0x0000000080d00000, 0x0000000080e00000, 0x0000000080e00000|100%| O|  |TAMS 0x0000000080e00000, 0x0000000080d00000| Untracked 
|  14|0x0000000080e00000, 0x0000000080f00000, 0x0000000080f00000|100%| O|  |TAMS 0x0000000080f00000, 0x0000000080e00000| Untracked 
|  15|0x0000000080f00000, 0x0000000081000000, 0x0000000081000000|100%| O|  |TAMS 0x0000000081000000, 0x0000000080f00000| Untracked 
|  16|0x0000000081000000, 0x0000000081100000, 0x0000000081100000|100%| O|  |TAMS 0x0000000081100000, 0x0000000081000000| Untracked 
|  17|0x0000000081100000, 0x0000000081200000, 0x0000000081200000|100%| O|  |TAMS 0x0000000081200000, 0x0000000081100000| Untracked 
|  18|0x0000000081200000, 0x0000000081300000, 0x0000000081300000|100%| O|  |TAMS 0x0000000081300000, 0x0000000081200000| Untracked 
|  19|0x0000000081300000, 0x0000000081400000, 0x0000000081400000|100%| O|  |TAMS 0x0000000081400000, 0x0000000081300000| Untracked 
|  20|0x0000000081400000, 0x0000000081500000, 0x0000000081500000|100%| O|  |TAMS 0x0000000081500000, 0x0000000081400000| Untracked 
|  21|0x0000000081500000, 0x0000000081600000, 0x0000000081600000|100%| O|  |TAMS 0x0000000081600000, 0x0000000081500000| Untracked 
|  22|0x0000000081600000, 0x0000000081700000, 0x0000000081700000|100%| O|  |TAMS 0x0000000081700000, 0x0000000081600000| Untracked 
|  23|0x0000000081700000, 0x0000000081800000, 0x0000000081800000|100%| O|  |TAMS 0x0000000081800000, 0x0000000081700000| Untracked 
|  24|0x0000000081800000, 0x0000000081900000, 0x0000000081900000|100%| O|  |TAMS 0x0000000081900000, 0x0000000081800000| Untracked 
|  25|0x0000000081900000, 0x0000000081a00000, 0x0000000081a00000|100%| O|  |TAMS 0x0000000081a00000, 0x0000000081900000| Untracked 
|  26|0x0000000081a00000, 0x0000000081b00000, 0x0000000081b00000|100%| O|  |TAMS 0x0000000081b00000, 0x0000000081a00000| Untracked 
|  27|0x0000000081b00000, 0x0000000081c00000, 0x0000000081c00000|100%| O|  |TAMS 0x0000000081c00000, 0x0000000081b00000| Untracked 
|  28|0x0000000081c00000, 0x0000000081d00000, 0x0000000081d00000|100%| O|  |TAMS 0x0000000081d00000, 0x0000000081c00000| Untracked 
|  29|0x0000000081d00000, 0x0000000081e00000, 0x0000000081e00000|100%| O|  |TAMS 0x0000000081e00000, 0x0000000081d00000| Untracked 
|  30|0x0000000081e00000, 0x0000000081f00000, 0x0000000081f00000|100%| O|  |TAMS 0x0000000081f00000, 0x0000000081e00000| Untracked 
|  31|0x0000000081f00000, 0x0000000082000000, 0x0000000082000000|100%| O|  |TAMS 0x0000000082000000, 0x0000000081f00000| Untracked 
|  32|0x0000000082000000, 0x0000000082100000, 0x0000000082100000|100%| O|  |TAMS 0x0000000082100000, 0x0000000082000000| Untracked 
|  33|0x0000000082100000, 0x0000000082200000, 0x0000000082200000|100%| O|  |TAMS 0x0000000082200000, 0x0000000082100000| Untracked 
|  34|0x0000000082200000, 0x0000000082300000, 0x0000000082300000|100%| O|  |TAMS 0x0000000082300000, 0x0000000082200000| Untracked 
|  35|0x0000000082300000, 0x0000000082400000, 0x0000000082400000|100%| O|  |TAMS 0x0000000082400000, 0x0000000082300000| Untracked 
|  36|0x0000000082400000, 0x0000000082500000, 0x0000000082500000|100%| O|  |TAMS 0x0000000082500000, 0x0000000082400000| Complete 
|  37|0x0000000082500000, 0x0000000082600000, 0x0000000082600000|100%|HS|  |TAMS 0x0000000082600000, 0x0000000082500000| Complete 
|  38|0x0000000082600000, 0x0000000082700000, 0x0000000082700000|100%|HS|  |TAMS 0x0000000082700000, 0x0000000082600000| Complete 
|  39|0x0000000082700000, 0x0000000082800000, 0x0000000082800000|100%| O|  |TAMS 0x0000000082800000, 0x0000000082700000| Untracked 
|  40|0x0000000082800000, 0x0000000082900000, 0x0000000082900000|100%| O|  |TAMS 0x0000000082900000, 0x0000000082800000| Untracked 
|  41|0x0000000082900000, 0x0000000082a00000, 0x0000000082a00000|100%|HS|  |TAMS 0x0000000082a00000, 0x0000000082900000| Complete 
|  42|0x0000000082a00000, 0x0000000082b00000, 0x0000000082b00000|100%| O|  |TAMS 0x0000000082b00000, 0x0000000082a00000| Untracked 
|  43|0x0000000082b00000, 0x0000000082c00000, 0x0000000082c00000|100%|HS|  |TAMS 0x0000000082c00000, 0x0000000082b00000| Complete 
|  44|0x0000000082c00000, 0x0000000082d00000, 0x0000000082d00000|100%|HC|  |TAMS 0x0000000082d00000, 0x0000000082c00000| Complete 
|  45|0x0000000082d00000, 0x0000000082e00000, 0x0000000082e00000|100%|HC|  |TAMS 0x0000000082e00000, 0x0000000082d00000| Complete 
|  46|0x0000000082e00000, 0x0000000082f00000, 0x0000000082f00000|100%|HC|  |TAMS 0x0000000082f00000, 0x0000000082e00000| Complete 
|  47|0x0000000082f00000, 0x0000000083000000, 0x0000000083000000|100%| O|  |TAMS 0x0000000083000000, 0x0000000082f00000| Untracked 
|  48|0x0000000083000000, 0x0000000083100000, 0x0000000083100000|100%| O|  |TAMS 0x0000000083100000, 0x0000000083000000| Untracked 
|  49|0x0000000083100000, 0x0000000083200000, 0x0000000083200000|100%| O|  |TAMS 0x0000000083200000, 0x0000000083100000| Untracked 
|  50|0x0000000083200000, 0x0000000083300000, 0x0000000083300000|100%| O|  |TAMS 0x0000000083300000, 0x0000000083200000| Untracked 
|  51|0x0000000083300000, 0x0000000083400000, 0x0000000083400000|100%| O|  |TAMS 0x0000000083400000, 0x0000000083300000| Untracked 
|  52|0x0000000083400000, 0x0000000083500000, 0x0000000083500000|100%| O|  |TAMS 0x0000000083500000, 0x0000000083400000| Untracked 
|  53|0x0000000083500000, 0x0000000083600000, 0x0000000083600000|100%| O|  |TAMS 0x0000000083600000, 0x0000000083500000| Untracked 
|  54|0x0000000083600000, 0x0000000083700000, 0x0000000083700000|100%| O|  |TAMS 0x0000000083700000, 0x0000000083600000| Untracked 
|  55|0x0000000083700000, 0x0000000083800000, 0x0000000083800000|100%| O|  |TAMS 0x0000000083800000, 0x0000000083700000| Untracked 
|  56|0x0000000083800000, 0x0000000083900000, 0x0000000083900000|100%| O|  |TAMS 0x0000000083900000, 0x0000000083800000| Untracked 
|  57|0x0000000083900000, 0x0000000083a00000, 0x0000000083a00000|100%| O|  |TAMS 0x0000000083a00000, 0x0000000083900000| Untracked 
|  58|0x0000000083a00000, 0x0000000083b00000, 0x0000000083b00000|100%| O|  |TAMS 0x0000000083b00000, 0x0000000083a00000| Untracked 
|  59|0x0000000083b00000, 0x0000000083c00000, 0x0000000083c00000|100%| O|  |TAMS 0x0000000083c00000, 0x0000000083b00000| Untracked 
|  60|0x0000000083c00000, 0x0000000083d00000, 0x0000000083d00000|100%| O|  |TAMS 0x0000000083d00000, 0x0000000083c00000| Untracked 
|  61|0x0000000083d00000, 0x0000000083e00000, 0x0000000083e00000|100%| O|  |TAMS 0x0000000083e00000, 0x0000000083d00000| Untracked 
|  62|0x0000000083e00000, 0x0000000083f00000, 0x0000000083f00000|100%| O|  |TAMS 0x0000000083f00000, 0x0000000083e00000| Untracked 
|  63|0x0000000083f00000, 0x0000000084000000, 0x0000000084000000|100%| O|  |TAMS 0x0000000084000000, 0x0000000083f00000| Untracked 
|  64|0x0000000084000000, 0x0000000084100000, 0x0000000084100000|100%| O|  |TAMS 0x0000000084100000, 0x0000000084000000| Untracked 
|  65|0x0000000084100000, 0x0000000084200000, 0x0000000084200000|100%| O|  |TAMS 0x0000000084200000, 0x0000000084100000| Untracked 
|  66|0x0000000084200000, 0x0000000084300000, 0x0000000084300000|100%| O|  |TAMS 0x0000000084300000, 0x0000000084200000| Untracked 
|  67|0x0000000084300000, 0x0000000084400000, 0x0000000084400000|100%| O|  |TAMS 0x0000000084400000, 0x0000000084300000| Untracked 
|  68|0x0000000084400000, 0x0000000084500000, 0x0000000084500000|100%| O|  |TAMS 0x0000000084500000, 0x0000000084400000| Untracked 
|  69|0x0000000084500000, 0x0000000084600000, 0x0000000084600000|100%| O|  |TAMS 0x0000000084600000, 0x0000000084500000| Untracked 
|  70|0x0000000084600000, 0x0000000084700000, 0x0000000084700000|100%| O|  |TAMS 0x0000000084700000, 0x0000000084600000| Complete 
|  71|0x0000000084700000, 0x0000000084800000, 0x0000000084800000|100%| O|  |TAMS 0x0000000084800000, 0x0000000084700000| Untracked 
|  72|0x0000000084800000, 0x0000000084900000, 0x0000000084900000|100%| O|  |TAMS 0x0000000084900000, 0x0000000084800000| Untracked 
|  73|0x0000000084900000, 0x0000000084a00000, 0x0000000084a00000|100%| O|  |TAMS 0x0000000084a00000, 0x0000000084900000| Untracked 
|  74|0x0000000084a00000, 0x0000000084b00000, 0x0000000084b00000|100%| O|  |TAMS 0x0000000084b00000, 0x0000000084a00000| Untracked 
|  75|0x0000000084b00000, 0x0000000084c00000, 0x0000000084c00000|100%| O|  |TAMS 0x0000000084c00000, 0x0000000084b00000| Untracked 
|  76|0x0000000084c00000, 0x0000000084d00000, 0x0000000084d00000|100%| O|  |TAMS 0x0000000084d00000, 0x0000000084c00000| Untracked 
|  77|0x0000000084d00000, 0x0000000084e00000, 0x0000000084e00000|100%| O|  |TAMS 0x0000000084e00000, 0x0000000084d00000| Untracked 
|  78|0x0000000084e00000, 0x0000000084f00000, 0x0000000084f00000|100%| O|  |TAMS 0x0000000084f00000, 0x0000000084e00000| Untracked 
|  79|0x0000000084f00000, 0x0000000085000000, 0x0000000085000000|100%| O|  |TAMS 0x0000000085000000, 0x0000000084f00000| Untracked 
|  80|0x0000000085000000, 0x0000000085100000, 0x0000000085100000|100%| O|  |TAMS 0x0000000085100000, 0x0000000085000000| Untracked 
|  81|0x0000000085100000, 0x0000000085200000, 0x0000000085200000|100%| O|  |TAMS 0x0000000085200000, 0x0000000085100000| Untracked 
|  82|0x0000000085200000, 0x0000000085300000, 0x0000000085300000|100%| O|  |TAMS 0x0000000085300000, 0x0000000085200000| Complete 
|  83|0x0000000085300000, 0x0000000085400000, 0x0000000085400000|100%| O|  |TAMS 0x0000000085400000, 0x0000000085300000| Untracked 
|  84|0x0000000085400000, 0x0000000085500000, 0x0000000085500000|100%| O|  |TAMS 0x0000000085500000, 0x0000000085400000| Untracked 
|  85|0x0000000085500000, 0x0000000085600000, 0x0000000085600000|100%| O|  |TAMS 0x0000000085600000, 0x0000000085500000| Untracked 
|  86|0x0000000085600000, 0x0000000085700000, 0x0000000085700000|100%| O|  |TAMS 0x0000000085700000, 0x0000000085600000| Untracked 
|  87|0x0000000085700000, 0x0000000085700000, 0x0000000085800000|  0%| F|  |TAMS 0x0000000085700000, 0x0000000085700000| Untracked 
|  88|0x0000000085800000, 0x0000000085900000, 0x0000000085900000|100%| O|  |TAMS 0x0000000085900000, 0x0000000085800000| Untracked 
|  89|0x0000000085900000, 0x0000000085a00000, 0x0000000085a00000|100%| O|  |TAMS 0x0000000085a00000, 0x0000000085900000| Complete 
|  90|0x0000000085a00000, 0x0000000085b00000, 0x0000000085b00000|100%| O|  |TAMS 0x0000000085b00000, 0x0000000085a00000| Untracked 
|  91|0x0000000085b00000, 0x0000000085b00000, 0x0000000085c00000|  0%| F|  |TAMS 0x0000000085b00000, 0x0000000085b00000| Untracked 
|  92|0x0000000085c00000, 0x0000000085d00000, 0x0000000085d00000|100%| O|  |TAMS 0x0000000085d00000, 0x0000000085c00000| Untracked 
|  93|0x0000000085d00000, 0x0000000085e00000, 0x0000000085e00000|100%| O|  |TAMS 0x0000000085e00000, 0x0000000085d00000| Complete 
|  94|0x0000000085e00000, 0x0000000085f00000, 0x0000000085f00000|100%| O|  |TAMS 0x0000000085f00000, 0x0000000085e00000| Untracked 
|  95|0x0000000085f00000, 0x0000000086000000, 0x0000000086000000|100%| O|  |TAMS 0x0000000086000000, 0x0000000085f00000| Untracked 
|  96|0x0000000086000000, 0x0000000086000000, 0x0000000086100000|  0%| F|  |TAMS 0x0000000086000000, 0x0000000086000000| Untracked 
|  97|0x0000000086100000, 0x0000000086200000, 0x0000000086200000|100%| O|  |TAMS 0x0000000086200000, 0x0000000086100000| Complete 
|  98|0x0000000086200000, 0x0000000086300000, 0x0000000086300000|100%| O|  |TAMS 0x0000000086300000, 0x0000000086200000| Untracked 
|  99|0x0000000086300000, 0x0000000086400000, 0x0000000086400000|100%| O|  |TAMS 0x0000000086400000, 0x0000000086300000| Complete 
| 100|0x0000000086400000, 0x0000000086500000, 0x0000000086500000|100%| O|  |TAMS 0x0000000086500000, 0x0000000086400000| Complete 
| 101|0x0000000086500000, 0x0000000086600000, 0x0000000086600000|100%| O|  |TAMS 0x0000000086600000, 0x0000000086500000| Untracked 
| 102|0x0000000086600000, 0x0000000086700000, 0x0000000086700000|100%| O|  |TAMS 0x0000000086700000, 0x0000000086600000| Untracked 
| 103|0x0000000086700000, 0x0000000086800000, 0x0000000086800000|100%| O|  |TAMS 0x0000000086800000, 0x0000000086700000| Untracked 
| 104|0x0000000086800000, 0x0000000086900000, 0x0000000086900000|100%| O|  |TAMS 0x0000000086900000, 0x0000000086800000| Complete 
| 105|0x0000000086900000, 0x0000000086a00000, 0x0000000086a00000|100%| O|  |TAMS 0x0000000086a00000, 0x0000000086900000| Complete 
| 106|0x0000000086a00000, 0x0000000086b00000, 0x0000000086b00000|100%| O|  |TAMS 0x0000000086b00000, 0x0000000086a00000| Untracked 
| 107|0x0000000086b00000, 0x0000000086c00000, 0x0000000086c00000|100%| O|  |TAMS 0x0000000086c00000, 0x0000000086b00000| Complete 
| 108|0x0000000086c00000, 0x0000000086d00000, 0x0000000086d00000|100%| O|  |TAMS 0x0000000086d00000, 0x0000000086c00000| Untracked 
| 109|0x0000000086d00000, 0x0000000086e00000, 0x0000000086e00000|100%| O|  |TAMS 0x0000000086e00000, 0x0000000086d00000| Untracked 
| 110|0x0000000086e00000, 0x0000000086f00000, 0x0000000086f00000|100%| O|  |TAMS 0x0000000086f00000, 0x0000000086e00000| Untracked 
| 111|0x0000000086f00000, 0x0000000087000000, 0x0000000087000000|100%| O|  |TAMS 0x0000000087000000, 0x0000000086f00000| Untracked 
| 112|0x0000000087000000, 0x0000000087100000, 0x0000000087100000|100%| O|  |TAMS 0x0000000087100000, 0x0000000087000000| Untracked 
| 113|0x0000000087100000, 0x0000000087200000, 0x0000000087200000|100%| O|  |TAMS 0x0000000087200000, 0x0000000087100000| Untracked 
| 114|0x0000000087200000, 0x0000000087300000, 0x0000000087300000|100%| O|  |TAMS 0x0000000087300000, 0x0000000087200000| Untracked 
| 115|0x0000000087300000, 0x0000000087400000, 0x0000000087400000|100%| O|  |TAMS 0x0000000087400000, 0x0000000087300000| Untracked 
| 116|0x0000000087400000, 0x0000000087500000, 0x0000000087500000|100%| O|  |TAMS 0x0000000087500000, 0x0000000087400000| Untracked 
| 117|0x0000000087500000, 0x0000000087600000, 0x0000000087600000|100%| O|  |TAMS 0x0000000087600000, 0x0000000087500000| Untracked 
| 118|0x0000000087600000, 0x0000000087700000, 0x0000000087700000|100%| O|  |TAMS 0x0000000087700000, 0x0000000087600000| Untracked 
| 119|0x0000000087700000, 0x0000000087800000, 0x0000000087800000|100%| O|  |TAMS 0x0000000087800000, 0x0000000087700000| Untracked 
| 120|0x0000000087800000, 0x0000000087800000, 0x0000000087900000|  0%| F|  |TAMS 0x0000000087800000, 0x0000000087800000| Untracked 
| 121|0x0000000087900000, 0x0000000087a00000, 0x0000000087a00000|100%| O|  |TAMS 0x0000000087a00000, 0x0000000087900000| Untracked 
| 122|0x0000000087a00000, 0x0000000087b00000, 0x0000000087b00000|100%| O|  |TAMS 0x0000000087b00000, 0x0000000087a00000| Untracked 
| 123|0x0000000087b00000, 0x0000000087c00000, 0x0000000087c00000|100%| O|  |TAMS 0x0000000087c00000, 0x0000000087b00000| Untracked 
| 124|0x0000000087c00000, 0x0000000087d00000, 0x0000000087d00000|100%| O|  |TAMS 0x0000000087d00000, 0x0000000087c00000| Untracked 
| 125|0x0000000087d00000, 0x0000000087e00000, 0x0000000087e00000|100%| O|  |TAMS 0x0000000087e00000, 0x0000000087d00000| Untracked 
| 126|0x0000000087e00000, 0x0000000087f00000, 0x0000000087f00000|100%| O|  |TAMS 0x0000000087f00000, 0x0000000087e00000| Untracked 
| 127|0x0000000087f00000, 0x0000000088000000, 0x0000000088000000|100%| O|  |TAMS 0x0000000088000000, 0x0000000087f00000| Untracked 
| 128|0x0000000088000000, 0x0000000088100000, 0x0000000088100000|100%| O|  |TAMS 0x0000000088100000, 0x0000000088000000| Untracked 
| 129|0x0000000088100000, 0x0000000088100000, 0x0000000088200000|  0%| F|  |TAMS 0x0000000088100000, 0x0000000088100000| Untracked 
| 130|0x0000000088200000, 0x0000000088300000, 0x0000000088300000|100%| O|  |TAMS 0x0000000088300000, 0x0000000088200000| Untracked 
| 131|0x0000000088300000, 0x0000000088400000, 0x0000000088400000|100%| O|  |TAMS 0x0000000088400000, 0x0000000088300000| Untracked 
| 132|0x0000000088400000, 0x0000000088500000, 0x0000000088500000|100%| O|  |TAMS 0x0000000088500000, 0x0000000088400000| Untracked 
| 133|0x0000000088500000, 0x0000000088600000, 0x0000000088600000|100%| O|  |TAMS 0x0000000088600000, 0x0000000088500000| Untracked 
| 134|0x0000000088600000, 0x0000000088700000, 0x0000000088700000|100%| O|  |TAMS 0x0000000088700000, 0x0000000088600000| Untracked 
| 135|0x0000000088700000, 0x0000000088800000, 0x0000000088800000|100%| O|  |TAMS 0x0000000088800000, 0x0000000088700000| Untracked 
| 136|0x0000000088800000, 0x0000000088900000, 0x0000000088900000|100%|HS|  |TAMS 0x0000000088800000, 0x0000000088800000| Complete 
| 137|0x0000000088900000, 0x0000000088a00000, 0x0000000088a00000|100%|HC|  |TAMS 0x0000000088900000, 0x0000000088900000| Complete 
| 138|0x0000000088a00000, 0x0000000088b00000, 0x0000000088b00000|100%| O|  |TAMS 0x0000000088b00000, 0x0000000088a00000| Untracked 
| 139|0x0000000088b00000, 0x0000000088c00000, 0x0000000088c00000|100%| O|  |TAMS 0x0000000088c00000, 0x0000000088b00000| Untracked 
| 140|0x0000000088c00000, 0x0000000088d00000, 0x0000000088d00000|100%| O|  |TAMS 0x0000000088d00000, 0x0000000088c00000| Untracked 
| 141|0x0000000088d00000, 0x0000000088e00000, 0x0000000088e00000|100%| O|  |TAMS 0x0000000088e00000, 0x0000000088d00000| Untracked 
| 142|0x0000000088e00000, 0x0000000088f00000, 0x0000000088f00000|100%| O|  |TAMS 0x0000000088f00000, 0x0000000088e00000| Untracked 
| 143|0x0000000088f00000, 0x0000000089000000, 0x0000000089000000|100%| O|  |TAMS 0x0000000089000000, 0x0000000088f00000| Untracked 
| 144|0x0000000089000000, 0x0000000089100000, 0x0000000089100000|100%| O|  |TAMS 0x0000000089100000, 0x0000000089000000| Complete 
| 145|0x0000000089100000, 0x0000000089200000, 0x0000000089200000|100%| O|  |TAMS 0x0000000089200000, 0x0000000089100000| Complete 
| 146|0x0000000089200000, 0x0000000089209000, 0x0000000089300000|  3%| O|  |TAMS 0x0000000089209000, 0x0000000089200000| Untracked 
| 147|0x0000000089300000, 0x0000000089400000, 0x0000000089400000|100%|HS|  |TAMS 0x0000000089400000, 0x0000000089300000| Complete 
| 148|0x0000000089400000, 0x0000000089500000, 0x0000000089500000|100%|HC|  |TAMS 0x0000000089500000, 0x0000000089400000| Complete 
| 149|0x0000000089500000, 0x0000000089600000, 0x0000000089600000|100%|HS|  |TAMS 0x0000000089600000, 0x0000000089500000| Complete 
| 150|0x0000000089600000, 0x0000000089700000, 0x0000000089700000|100%|HC|  |TAMS 0x0000000089700000, 0x0000000089600000| Complete 
| 151|0x0000000089700000, 0x0000000089800000, 0x0000000089800000|100%|HS|  |TAMS 0x0000000089800000, 0x0000000089700000| Complete 
| 152|0x0000000089800000, 0x0000000089900000, 0x0000000089900000|100%|HC|  |TAMS 0x0000000089900000, 0x0000000089800000| Complete 
| 153|0x0000000089900000, 0x0000000089a00000, 0x0000000089a00000|100%|HS|  |TAMS 0x0000000089900000, 0x0000000089900000| Complete 
| 154|0x0000000089a00000, 0x0000000089b00000, 0x0000000089b00000|100%|HC|  |TAMS 0x0000000089a00000, 0x0000000089a00000| Complete 
| 155|0x0000000089b00000, 0x0000000089c00000, 0x0000000089c00000|100%|HS|  |TAMS 0x0000000089b00000, 0x0000000089b00000| Complete 
| 156|0x0000000089c00000, 0x0000000089d00000, 0x0000000089d00000|100%|HC|  |TAMS 0x0000000089c00000, 0x0000000089c00000| Complete 
| 157|0x0000000089d00000, 0x0000000089e00000, 0x0000000089e00000|100%|HS|  |TAMS 0x0000000089d00000, 0x0000000089d00000| Complete 
| 158|0x0000000089e00000, 0x0000000089f00000, 0x0000000089f00000|100%|HC|  |TAMS 0x0000000089e00000, 0x0000000089e00000| Complete 
| 159|0x0000000089f00000, 0x000000008a000000, 0x000000008a000000|100%|HS|  |TAMS 0x0000000089f00000, 0x0000000089f00000| Complete 
| 160|0x000000008a000000, 0x000000008a100000, 0x000000008a100000|100%|HC|  |TAMS 0x000000008a000000, 0x000000008a000000| Complete 
| 161|0x000000008a100000, 0x000000008a200000, 0x000000008a200000|100%|HS|  |TAMS 0x000000008a100000, 0x000000008a100000| Complete 
| 162|0x000000008a200000, 0x000000008a300000, 0x000000008a300000|100%|HC|  |TAMS 0x000000008a200000, 0x000000008a200000| Complete 
| 163|0x000000008a300000, 0x000000008a400000, 0x000000008a400000|100%|HS|  |TAMS 0x000000008a300000, 0x000000008a300000| Complete 
| 164|0x000000008a400000, 0x000000008a500000, 0x000000008a500000|100%|HC|  |TAMS 0x000000008a400000, 0x000000008a400000| Complete 
| 165|0x000000008a500000, 0x000000008a600000, 0x000000008a600000|100%|HS|  |TAMS 0x000000008a500000, 0x000000008a500000| Complete 
| 166|0x000000008a600000, 0x000000008a700000, 0x000000008a700000|100%|HC|  |TAMS 0x000000008a600000, 0x000000008a600000| Complete 
| 167|0x000000008a700000, 0x000000008a800000, 0x000000008a800000|100%|HS|  |TAMS 0x000000008a700000, 0x000000008a700000| Complete 
| 168|0x000000008a800000, 0x000000008a900000, 0x000000008a900000|100%|HC|  |TAMS 0x000000008a800000, 0x000000008a800000| Complete 
| 169|0x000000008a900000, 0x000000008aa00000, 0x000000008aa00000|100%|HS|  |TAMS 0x000000008a900000, 0x000000008a900000| Complete 
| 170|0x000000008aa00000, 0x000000008ab00000, 0x000000008ab00000|100%|HC|  |TAMS 0x000000008aa00000, 0x000000008aa00000| Complete 
| 171|0x000000008ab00000, 0x000000008ac00000, 0x000000008ac00000|100%|HS|  |TAMS 0x000000008ab00000, 0x000000008ab00000| Complete 
| 172|0x000000008ac00000, 0x000000008ad00000, 0x000000008ad00000|100%|HC|  |TAMS 0x000000008ac00000, 0x000000008ac00000| Complete 
| 173|0x000000008ad00000, 0x000000008ae00000, 0x000000008ae00000|100%|HS|  |TAMS 0x000000008ad00000, 0x000000008ad00000| Complete 
| 174|0x000000008ae00000, 0x000000008af00000, 0x000000008af00000|100%|HC|  |TAMS 0x000000008ae00000, 0x000000008ae00000| Complete 
| 175|0x000000008af00000, 0x000000008b000000, 0x000000008b000000|100%|HS|  |TAMS 0x000000008af00000, 0x000000008af00000| Complete 
| 176|0x000000008b000000, 0x000000008b100000, 0x000000008b100000|100%|HC|  |TAMS 0x000000008b000000, 0x000000008b000000| Complete 
| 177|0x000000008b100000, 0x000000008b200000, 0x000000008b200000|100%|HS|  |TAMS 0x000000008b100000, 0x000000008b100000| Complete 
| 178|0x000000008b200000, 0x000000008b300000, 0x000000008b300000|100%|HC|  |TAMS 0x000000008b200000, 0x000000008b200000| Complete 
| 179|0x000000008b300000, 0x000000008b400000, 0x000000008b400000|100%|HS|  |TAMS 0x000000008b300000, 0x000000008b300000| Complete 
| 180|0x000000008b400000, 0x000000008b500000, 0x000000008b500000|100%|HC|  |TAMS 0x000000008b400000, 0x000000008b400000| Complete 
| 181|0x000000008b500000, 0x000000008b600000, 0x000000008b600000|100%|HS|  |TAMS 0x000000008b500000, 0x000000008b500000| Complete 
| 182|0x000000008b600000, 0x000000008b700000, 0x000000008b700000|100%|HC|  |TAMS 0x000000008b600000, 0x000000008b600000| Complete 
| 183|0x000000008b700000, 0x000000008b800000, 0x000000008b800000|100%|HS|  |TAMS 0x000000008b700000, 0x000000008b700000| Complete 
| 184|0x000000008b800000, 0x000000008b900000, 0x000000008b900000|100%|HC|  |TAMS 0x000000008b800000, 0x000000008b800000| Complete 
| 185|0x000000008b900000, 0x000000008ba00000, 0x000000008ba00000|100%|HS|  |TAMS 0x000000008b900000, 0x000000008b900000| Complete 
| 186|0x000000008ba00000, 0x000000008bb00000, 0x000000008bb00000|100%|HC|  |TAMS 0x000000008ba00000, 0x000000008ba00000| Complete 
| 187|0x000000008bb00000, 0x000000008bc00000, 0x000000008bc00000|100%|HS|  |TAMS 0x000000008bb00000, 0x000000008bb00000| Complete 
| 188|0x000000008bc00000, 0x000000008bd00000, 0x000000008bd00000|100%|HC|  |TAMS 0x000000008bc00000, 0x000000008bc00000| Complete 
| 189|0x000000008bd00000, 0x000000008be00000, 0x000000008be00000|100%|HS|  |TAMS 0x000000008bd00000, 0x000000008bd00000| Complete 
| 190|0x000000008be00000, 0x000000008bf00000, 0x000000008bf00000|100%|HC|  |TAMS 0x000000008be00000, 0x000000008be00000| Complete 
| 191|0x000000008bf00000, 0x000000008c000000, 0x000000008c000000|100%|HS|  |TAMS 0x000000008bf00000, 0x000000008bf00000| Complete 
| 192|0x000000008c000000, 0x000000008c100000, 0x000000008c100000|100%|HC|  |TAMS 0x000000008c000000, 0x000000008c000000| Complete 
| 193|0x000000008c100000, 0x000000008c200000, 0x000000008c200000|100%|HS|  |TAMS 0x000000008c100000, 0x000000008c100000| Complete 
| 194|0x000000008c200000, 0x000000008c300000, 0x000000008c300000|100%|HC|  |TAMS 0x000000008c200000, 0x000000008c200000| Complete 
| 195|0x000000008c300000, 0x000000008c400000, 0x000000008c400000|100%|HS|  |TAMS 0x000000008c300000, 0x000000008c300000| Complete 
| 196|0x000000008c400000, 0x000000008c500000, 0x000000008c500000|100%|HC|  |TAMS 0x000000008c400000, 0x000000008c400000| Complete 
| 197|0x000000008c500000, 0x000000008c600000, 0x000000008c600000|100%|HS|  |TAMS 0x000000008c500000, 0x000000008c500000| Complete 
| 198|0x000000008c600000, 0x000000008c700000, 0x000000008c700000|100%|HC|  |TAMS 0x000000008c600000, 0x000000008c600000| Complete 
| 199|0x000000008c700000, 0x000000008c700000, 0x000000008c800000|  0%| F|  |TAMS 0x000000008c700000, 0x000000008c700000| Untracked 
| 200|0x000000008c800000, 0x000000008c800000, 0x000000008c900000|  0%| F|  |TAMS 0x000000008c800000, 0x000000008c800000| Untracked 
| 201|0x000000008c900000, 0x000000008c900000, 0x000000008ca00000|  0%| F|  |TAMS 0x000000008c900000, 0x000000008c900000| Untracked 
| 202|0x000000008ca00000, 0x000000008ca00000, 0x000000008cb00000|  0%| F|  |TAMS 0x000000008ca00000, 0x000000008ca00000| Untracked 
| 203|0x000000008cb00000, 0x000000008cb00000, 0x000000008cc00000|  0%| F|  |TAMS 0x000000008cb00000, 0x000000008cb00000| Untracked 
| 204|0x000000008cc00000, 0x000000008cc00000, 0x000000008cd00000|  0%| F|  |TAMS 0x000000008cc00000, 0x000000008cc00000| Untracked 
| 205|0x000000008cd00000, 0x000000008cd00000, 0x000000008ce00000|  0%| F|  |TAMS 0x000000008cd00000, 0x000000008cd00000| Untracked 
| 206|0x000000008ce00000, 0x000000008ce00000, 0x000000008cf00000|  0%| F|  |TAMS 0x000000008ce00000, 0x000000008ce00000| Untracked 
| 207|0x000000008cf00000, 0x000000008cf00000, 0x000000008d000000|  0%| F|  |TAMS 0x000000008cf00000, 0x000000008cf00000| Untracked 
| 208|0x000000008d000000, 0x000000008d000000, 0x000000008d100000|  0%| F|  |TAMS 0x000000008d000000, 0x000000008d000000| Untracked 
| 209|0x000000008d100000, 0x000000008d100000, 0x000000008d200000|  0%| F|  |TAMS 0x000000008d100000, 0x000000008d100000| Untracked 
| 210|0x000000008d200000, 0x000000008d200000, 0x000000008d300000|  0%| F|  |TAMS 0x000000008d200000, 0x000000008d200000| Untracked 
| 211|0x000000008d300000, 0x000000008d300000, 0x000000008d400000|  0%| F|  |TAMS 0x000000008d300000, 0x000000008d300000| Untracked 
| 212|0x000000008d400000, 0x000000008d400000, 0x000000008d500000|  0%| F|  |TAMS 0x000000008d400000, 0x000000008d400000| Untracked 
| 213|0x000000008d500000, 0x000000008d500000, 0x000000008d600000|  0%| F|  |TAMS 0x000000008d500000, 0x000000008d500000| Untracked 
| 214|0x000000008d600000, 0x000000008d600000, 0x000000008d700000|  0%| F|  |TAMS 0x000000008d600000, 0x000000008d600000| Untracked 
| 215|0x000000008d700000, 0x000000008d700000, 0x000000008d800000|  0%| F|  |TAMS 0x000000008d700000, 0x000000008d700000| Untracked 
| 216|0x000000008d800000, 0x000000008d800000, 0x000000008d900000|  0%| F|  |TAMS 0x000000008d800000, 0x000000008d800000| Untracked 
| 217|0x000000008d900000, 0x000000008d900000, 0x000000008da00000|  0%| F|  |TAMS 0x000000008d900000, 0x000000008d900000| Untracked 
| 218|0x000000008da00000, 0x000000008da00000, 0x000000008db00000|  0%| F|  |TAMS 0x000000008da00000, 0x000000008da00000| Untracked 
| 219|0x000000008db00000, 0x000000008db00000, 0x000000008dc00000|  0%| F|  |TAMS 0x000000008db00000, 0x000000008db00000| Untracked 
| 220|0x000000008dc00000, 0x000000008dc00000, 0x000000008dd00000|  0%| F|  |TAMS 0x000000008dc00000, 0x000000008dc00000| Untracked 
| 221|0x000000008dd00000, 0x000000008dd00000, 0x000000008de00000|  0%| F|  |TAMS 0x000000008dd00000, 0x000000008dd00000| Untracked 
| 222|0x000000008de00000, 0x000000008de00000, 0x000000008df00000|  0%| F|  |TAMS 0x000000008de00000, 0x000000008de00000| Untracked 
| 223|0x000000008df00000, 0x000000008df00000, 0x000000008e000000|  0%| F|  |TAMS 0x000000008df00000, 0x000000008df00000| Untracked 
| 224|0x000000008e000000, 0x000000008e000000, 0x000000008e100000|  0%| F|  |TAMS 0x000000008e000000, 0x000000008e000000| Untracked 
| 225|0x000000008e100000, 0x000000008e100000, 0x000000008e200000|  0%| F|  |TAMS 0x000000008e100000, 0x000000008e100000| Untracked 
| 226|0x000000008e200000, 0x000000008e200000, 0x000000008e300000|  0%| F|  |TAMS 0x000000008e200000, 0x000000008e200000| Untracked 
| 227|0x000000008e300000, 0x000000008e300000, 0x000000008e400000|  0%| F|  |TAMS 0x000000008e300000, 0x000000008e300000| Untracked 
| 228|0x000000008e400000, 0x000000008e400000, 0x000000008e500000|  0%| F|  |TAMS 0x000000008e400000, 0x000000008e400000| Untracked 
| 229|0x000000008e500000, 0x000000008e500000, 0x000000008e600000|  0%| F|  |TAMS 0x000000008e500000, 0x000000008e500000| Untracked 
| 230|0x000000008e600000, 0x000000008e600000, 0x000000008e700000|  0%| F|  |TAMS 0x000000008e600000, 0x000000008e600000| Untracked 
| 231|0x000000008e700000, 0x000000008e700000, 0x000000008e800000|  0%| F|  |TAMS 0x000000008e700000, 0x000000008e700000| Untracked 
| 232|0x000000008e800000, 0x000000008e800000, 0x000000008e900000|  0%| F|  |TAMS 0x000000008e800000, 0x000000008e800000| Untracked 
| 233|0x000000008e900000, 0x000000008e900000, 0x000000008ea00000|  0%| F|  |TAMS 0x000000008e900000, 0x000000008e900000| Untracked 
| 234|0x000000008ea00000, 0x000000008ea00000, 0x000000008eb00000|  0%| F|  |TAMS 0x000000008ea00000, 0x000000008ea00000| Untracked 
| 235|0x000000008eb00000, 0x000000008eb00000, 0x000000008ec00000|  0%| F|  |TAMS 0x000000008eb00000, 0x000000008eb00000| Untracked 
| 236|0x000000008ec00000, 0x000000008ec00000, 0x000000008ed00000|  0%| F|  |TAMS 0x000000008ec00000, 0x000000008ec00000| Untracked 
| 237|0x000000008ed00000, 0x000000008ed00000, 0x000000008ee00000|  0%| F|  |TAMS 0x000000008ed00000, 0x000000008ed00000| Untracked 
| 238|0x000000008ee00000, 0x000000008ee00000, 0x000000008ef00000|  0%| F|  |TAMS 0x000000008ee00000, 0x000000008ee00000| Untracked 
| 239|0x000000008ef00000, 0x000000008ef00000, 0x000000008f000000|  0%| F|  |TAMS 0x000000008ef00000, 0x000000008ef00000| Untracked 
| 240|0x000000008f000000, 0x000000008f000000, 0x000000008f100000|  0%| F|  |TAMS 0x000000008f000000, 0x000000008f000000| Untracked 
| 241|0x000000008f100000, 0x000000008f100000, 0x000000008f200000|  0%| F|  |TAMS 0x000000008f100000, 0x000000008f100000| Untracked 
| 242|0x000000008f200000, 0x000000008f200000, 0x000000008f300000|  0%| F|  |TAMS 0x000000008f200000, 0x000000008f200000| Untracked 
| 243|0x000000008f300000, 0x000000008f300000, 0x000000008f400000|  0%| F|  |TAMS 0x000000008f300000, 0x000000008f300000| Untracked 
| 244|0x000000008f400000, 0x000000008f400000, 0x000000008f500000|  0%| F|  |TAMS 0x000000008f400000, 0x000000008f400000| Untracked 
| 245|0x000000008f500000, 0x000000008f500000, 0x000000008f600000|  0%| F|  |TAMS 0x000000008f500000, 0x000000008f500000| Untracked 
| 246|0x000000008f600000, 0x000000008f600000, 0x000000008f700000|  0%| F|  |TAMS 0x000000008f600000, 0x000000008f600000| Untracked 
| 247|0x000000008f700000, 0x000000008f700000, 0x000000008f800000|  0%| F|  |TAMS 0x000000008f700000, 0x000000008f700000| Untracked 
| 248|0x000000008f800000, 0x000000008f800000, 0x000000008f900000|  0%| F|  |TAMS 0x000000008f800000, 0x000000008f800000| Untracked 
| 249|0x000000008f900000, 0x000000008f900000, 0x000000008fa00000|  0%| F|  |TAMS 0x000000008f900000, 0x000000008f900000| Untracked 
| 250|0x000000008fa00000, 0x000000008fa00000, 0x000000008fb00000|  0%| F|  |TAMS 0x000000008fa00000, 0x000000008fa00000| Untracked 
| 251|0x000000008fb00000, 0x000000008fb00000, 0x000000008fc00000|  0%| F|  |TAMS 0x000000008fb00000, 0x000000008fb00000| Untracked 
| 252|0x000000008fc00000, 0x000000008fc00000, 0x000000008fd00000|  0%| F|  |TAMS 0x000000008fc00000, 0x000000008fc00000| Untracked 
| 253|0x000000008fd00000, 0x000000008fd00000, 0x000000008fe00000|  0%| F|  |TAMS 0x000000008fd00000, 0x000000008fd00000| Untracked 
| 254|0x000000008fe00000, 0x000000008fe00000, 0x000000008ff00000|  0%| F|  |TAMS 0x000000008fe00000, 0x000000008fe00000| Untracked 
| 255|0x000000008ff00000, 0x000000008ff00000, 0x0000000090000000|  0%| F|  |TAMS 0x000000008ff00000, 0x000000008ff00000| Untracked 
| 256|0x0000000090000000, 0x0000000090000000, 0x0000000090100000|  0%| F|  |TAMS 0x0000000090000000, 0x0000000090000000| Untracked 
| 257|0x0000000090100000, 0x0000000090100000, 0x0000000090200000|  0%| F|  |TAMS 0x0000000090100000, 0x0000000090100000| Untracked 
| 258|0x0000000090200000, 0x0000000090300000, 0x0000000090300000|100%| S|CS|TAMS 0x0000000090200000, 0x0000000090200000| Complete 
| 259|0x0000000090300000, 0x0000000090400000, 0x0000000090400000|100%| S|CS|TAMS 0x0000000090300000, 0x0000000090300000| Complete 
| 260|0x0000000090400000, 0x0000000090500000, 0x0000000090500000|100%| S|CS|TAMS 0x0000000090400000, 0x0000000090400000| Complete 
| 261|0x0000000090500000, 0x0000000090500000, 0x0000000090600000|  0%| F|  |TAMS 0x0000000090500000, 0x0000000090500000| Untracked 
| 262|0x0000000090600000, 0x00000000906af2c0, 0x0000000090700000| 68%| E|  |TAMS 0x0000000090600000, 0x0000000090600000| Complete 
| 263|0x0000000090700000, 0x0000000090800000, 0x0000000090800000|100%| E|CS|TAMS 0x0000000090700000, 0x0000000090700000| Complete 
| 264|0x0000000090800000, 0x0000000090900000, 0x0000000090900000|100%| E|CS|TAMS 0x0000000090800000, 0x0000000090800000| Complete 

Card table byte_map: [0x000002d9f3400000,0x000002d9f3800000] _byte_map_base: 0x000002d9f3000000

Marking Bits (Prev, Next): (CMBitMap*) 0x000002d9e0b923c0, (CMBitMap*) 0x000002d9e0b92400
 Prev Bits: [0x000002d9f3c00000, 0x000002d9f5c00000)
 Next Bits: [0x000002d9f5c00000, 0x000002d9f7c00000)

Polling page: 0x000002d9e0300000

Metaspace:

Usage:
  Non-class:    106.59 MB used.
      Class:     16.65 MB used.
       Both:    123.24 MB used.

Virtual space:
  Non-class space:      112.00 MB reserved,     107.00 MB ( 96%) committed,  14 nodes.
      Class space:        1.00 GB reserved,      17.06 MB (  2%) committed,  1 nodes.
             Both:        1.11 GB reserved,     124.06 MB ( 11%) committed. 

Chunk freelists:
   Non-Class:  925.00 KB
       Class:  2.94 MB
        Both:  3.85 MB

MaxMetaspaceSize: unlimited
CompressedClassSpaceSize: 1.00 GB
Initial GC threshold: 21.00 MB
Current GC threshold: 206.56 MB
CDS: off
MetaspaceReclaimPolicy: balanced
 - commit_granule_bytes: 65536.
 - commit_granule_words: 8192.
 - virtual_space_node_default_size: 1048576.
 - enlarge_chunks_in_place: 1.
 - new_chunks_are_fully_committed: 0.
 - uncommit_free_chunks: 1.
 - use_allocation_guard: 0.
 - handle_deallocations: 1.


Internal statistics:

num_allocs_failed_limit: 6.
num_arena_births: 1390.
num_arena_deaths: 32.
num_vsnodes_births: 15.
num_vsnodes_deaths: 0.
num_space_committed: 1985.
num_space_uncommitted: 0.
num_chunks_returned_to_freelist: 48.
num_chunks_taken_from_freelist: 6256.
num_chunk_merges: 13.
num_chunk_splits: 4146.
num_chunks_enlarged: 2768.
num_purges: 4.
num_inconsistent_stats: 0.

CodeHeap 'non-profiled nmethods': size=120000Kb used=11136Kb max_used=11136Kb free=108863Kb
 bounds [0x000002d9ebad0000, 0x000002d9ec5c0000, 0x000002d9f3000000]
CodeHeap 'profiled nmethods': size=120000Kb used=37503Kb max_used=37503Kb free=82496Kb
 bounds [0x000002d9e4000000, 0x000002d9e64a0000, 0x000002d9eb530000]
CodeHeap 'non-nmethods': size=5760Kb used=2461Kb max_used=2519Kb free=3298Kb
 bounds [0x000002d9eb530000, 0x000002d9eb7c0000, 0x000002d9ebad0000]
 total_blobs=19007 nmethods=17998 adapters=919
 compilation: enabled
              stopped_count=0, restarted_count=0
 full_count=0

Compilation events (20 events):
Event: 288.181 Thread 0x000002d9fac2ea00 21638       3       java.net.URL::getDefaultPort (8 bytes)
Event: 288.181 Thread 0x000002d9fac2ea00 nmethod 21638 0x000002d9e6492a10 code [0x000002d9e6492bc0, 0x000002d9e6492d88]
Event: 288.312 Thread 0x000002d9fac2ea00 21639       3       java.math.SignedMutableBigInteger::signedAdd (34 bytes)
Event: 288.313 Thread 0x000002d9fac2ea00 nmethod 21639 0x000002d9e6492e90 code [0x000002d9e6493040, 0x000002d9e6493338]
Event: 288.313 Thread 0x000002d9fac2ea00 21640       3       java.math.SignedMutableBigInteger::signedSubtract (34 bytes)
Event: 288.313 Thread 0x000002d9fac2ea00 nmethod 21640 0x000002d9e6493410 code [0x000002d9e64935c0, 0x000002d9e64938b8]
Event: 288.315 Thread 0x000002d9fac2ea00 21645       3       java.math.MutableBigInteger::mul (173 bytes)
Event: 288.316 Thread 0x000002d9fac2ea00 nmethod 21645 0x000002d9e6493990 code [0x000002d9e6493b80, 0x000002d9e6494218]
Event: 288.316 Thread 0x000002d981fbfda0 21641       4       java.math.MutableBigInteger::add (346 bytes)
Event: 288.317 Thread 0x000002d9fac2ea00 21646       3       java.math.MutableBigInteger::divWord (108 bytes)
Event: 288.317 Thread 0x000002d9fac2ea00 nmethod 21646 0x000002d9e6494510 code [0x000002d9e64946c0, 0x000002d9e6494a38]
Event: 288.333 Thread 0x000002d9fac2ea00 21647   !   3       java.util.logging.Level::equals (25 bytes)
Event: 288.334 Thread 0x000002d9fac2ea00 nmethod 21647 0x000002d9e6494b90 code [0x000002d9e6494d40, 0x000002d9e6494fd8]
Event: 288.354 Thread 0x000002d981fbfda0 nmethod 21641 0x000002d9ec5a5f10 code [0x000002d9ec5a60c0, 0x000002d9ec5a6f58]
Event: 288.354 Thread 0x000002d981fbfda0 21642       4       java.math.MutableBigInteger::primitiveRightShift (80 bytes)
Event: 288.360 Thread 0x000002d981fbfda0 nmethod 21642 0x000002d9ec5a7390 code [0x000002d9ec5a7520, 0x000002d9ec5a77b8]
Event: 288.360 Thread 0x000002d981fbfda0 21644       4       java.math.MutableBigInteger::primitiveLeftShift (89 bytes)
Event: 288.365 Thread 0x000002d981fbfda0 nmethod 21644 0x000002d9ec5a7910 code [0x000002d9ec5a7aa0, 0x000002d9ec5a7d58]
Event: 288.365 Thread 0x000002d981fbfda0 21643       4       java.math.MutableBigInteger::subtract (226 bytes)
Event: 288.383 Thread 0x000002d981fbfda0 nmethod 21643 0x000002d9ec5a7e90 code [0x000002d9ec5a8040, 0x000002d9ec5a8bf8]

GC Heap History (20 events):
Event: 274.128 GC heap before
{Heap before GC invocations=86 (full 0):
 garbage-first heap   total 271360K, used 190257K [0x0000000080000000, 0x0000000100000000)
  region size 1024K, 49 young (50176K), 3 survivors (3072K)
 Metaspace       used 121999K, committed 122880K, reserved 1163264K
  class space    used 16546K, committed 16960K, reserved 1048576K
}
Event: 274.142 GC heap after
{Heap after GC invocations=87 (full 0):
 garbage-first heap   total 271360K, used 146174K [0x0000000080000000, 0x0000000100000000)
  region size 1024K, 5 young (5120K), 5 survivors (5120K)
 Metaspace       used 121999K, committed 122880K, reserved 1163264K
  class space    used 16546K, committed 16960K, reserved 1048576K
}
Event: 274.166 GC heap before
{Heap before GC invocations=87 (full 0):
 garbage-first heap   total 271360K, used 154366K [0x0000000080000000, 0x0000000100000000)
  region size 1024K, 13 young (13312K), 5 survivors (5120K)
 Metaspace       used 122021K, committed 122880K, reserved 1163264K
  class space    used 16551K, committed 16960K, reserved 1048576K
}
Event: 274.174 GC heap after
{Heap after GC invocations=88 (full 0):
 garbage-first heap   total 271360K, used 144741K [0x0000000080000000, 0x0000000100000000)
  region size 1024K, 2 young (2048K), 2 survivors (2048K)
 Metaspace       used 122021K, committed 122880K, reserved 1163264K
  class space    used 16551K, committed 16960K, reserved 1048576K
}
Event: 274.471 GC heap before
{Heap before GC invocations=88 (full 0):
 garbage-first heap   total 271360K, used 225637K [0x0000000080000000, 0x0000000100000000)
  region size 1024K, 81 young (82944K), 2 survivors (2048K)
 Metaspace       used 122518K, committed 123392K, reserved 1163264K
  class space    used 16582K, committed 17024K, reserved 1048576K
}
Event: 274.474 GC heap after
{Heap after GC invocations=89 (full 0):
 garbage-first heap   total 271360K, used 144829K [0x0000000080000000, 0x0000000100000000)
  region size 1024K, 2 young (2048K), 2 survivors (2048K)
 Metaspace       used 122518K, committed 123392K, reserved 1163264K
  class space    used 16582K, committed 17024K, reserved 1048576K
}
Event: 274.770 GC heap before
{Heap before GC invocations=89 (full 0):
 garbage-first heap   total 271360K, used 228797K [0x0000000080000000, 0x0000000100000000)
  region size 1024K, 84 young (86016K), 2 survivors (2048K)
 Metaspace       used 122737K, committed 123584K, reserved 1163264K
  class space    used 16592K, committed 17024K, reserved 1048576K
}
Event: 274.774 GC heap after
{Heap after GC invocations=90 (full 0):
 garbage-first heap   total 271360K, used 147313K [0x0000000080000000, 0x0000000100000000)
  region size 1024K, 4 young (4096K), 4 survivors (4096K)
 Metaspace       used 122737K, committed 123584K, reserved 1163264K
  class space    used 16592K, committed 17024K, reserved 1048576K
}
Event: 275.338 GC heap before
{Heap before GC invocations=90 (full 0):
 garbage-first heap   total 271360K, used 229233K [0x0000000080000000, 0x0000000100000000)
  region size 1024K, 85 young (87040K), 4 survivors (4096K)
 Metaspace       used 122859K, committed 123712K, reserved 1163264K
  class space    used 16599K, committed 17024K, reserved 1048576K
}
Event: 275.344 GC heap after
{Heap after GC invocations=91 (full 0):
 garbage-first heap   total 271360K, used 148236K [0x0000000080000000, 0x0000000100000000)
  region size 1024K, 5 young (5120K), 5 survivors (5120K)
 Metaspace       used 122859K, committed 123712K, reserved 1163264K
  class space    used 16599K, committed 17024K, reserved 1048576K
}
Event: 275.790 GC heap before
{Heap before GC invocations=91 (full 0):
 garbage-first heap   total 271360K, used 231180K [0x0000000080000000, 0x0000000100000000)
  region size 1024K, 87 young (89088K), 5 survivors (5120K)
 Metaspace       used 122955K, committed 123776K, reserved 1163264K
  class space    used 16611K, committed 17024K, reserved 1048576K
}
Event: 275.795 GC heap after
{Heap after GC invocations=92 (full 0):
 garbage-first heap   total 271360K, used 147492K [0x0000000080000000, 0x0000000100000000)
  region size 1024K, 4 young (4096K), 4 survivors (4096K)
 Metaspace       used 122955K, committed 123776K, reserved 1163264K
  class space    used 16611K, committed 17024K, reserved 1048576K
}
Event: 278.113 GC heap before
{Heap before GC invocations=92 (full 0):
 garbage-first heap   total 271360K, used 233508K [0x0000000080000000, 0x0000000100000000)
  region size 1024K, 89 young (91136K), 4 survivors (4096K)
 Metaspace       used 123868K, committed 124672K, reserved 1163264K
  class space    used 16711K, committed 17088K, reserved 1048576K
}
Event: 278.120 GC heap after
{Heap after GC invocations=93 (full 0):
 garbage-first heap   total 271360K, used 147686K [0x0000000080000000, 0x0000000100000000)
  region size 1024K, 5 young (5120K), 5 survivors (5120K)
 Metaspace       used 123868K, committed 124672K, reserved 1163264K
  class space    used 16711K, committed 17088K, reserved 1048576K
}
Event: 286.908 GC heap before
{Heap before GC invocations=93 (full 0):
 garbage-first heap   total 271360K, used 177382K [0x0000000080000000, 0x0000000100000000)
  region size 1024K, 33 young (33792K), 5 survivors (5120K)
 Metaspace       used 126021K, committed 126912K, reserved 1163264K
  class space    used 17016K, committed 17472K, reserved 1048576K
}
Event: 286.916 GC heap after
{Heap after GC invocations=94 (full 0):
 garbage-first heap   total 271360K, used 148516K [0x0000000080000000, 0x0000000100000000)
  region size 1024K, 3 young (3072K), 3 survivors (3072K)
 Metaspace       used 126021K, committed 126912K, reserved 1163264K
  class space    used 17016K, committed 17472K, reserved 1048576K
}
Event: 286.917 GC heap before
{Heap before GC invocations=94 (full 0):
 garbage-first heap   total 271360K, used 150564K [0x0000000080000000, 0x0000000100000000)
  region size 1024K, 4 young (4096K), 3 survivors (3072K)
 Metaspace       used 126022K, committed 126912K, reserved 1163264K
  class space    used 17016K, committed 17472K, reserved 1048576K
}
Event: 286.922 GC heap after
{Heap after GC invocations=95 (full 0):
 garbage-first heap   total 271360K, used 150473K [0x0000000080000000, 0x0000000100000000)
  region size 1024K, 3 young (3072K), 3 survivors (3072K)
 Metaspace       used 126022K, committed 126912K, reserved 1163264K
  class space    used 17016K, committed 17472K, reserved 1048576K
}
Event: 287.049 GC heap before
{Heap before GC invocations=95 (full 0):
 garbage-first heap   total 271360K, used 152521K [0x0000000080000000, 0x0000000100000000)
  region size 1024K, 4 young (4096K), 3 survivors (3072K)
 Metaspace       used 126025K, committed 126912K, reserved 1163264K
  class space    used 17017K, committed 17472K, reserved 1048576K
}
Event: 287.053 GC heap after
{Heap after GC invocations=96 (full 0):
 garbage-first heap   total 271360K, used 152612K [0x0000000080000000, 0x0000000100000000)
  region size 1024K, 3 young (3072K), 3 survivors (3072K)
 Metaspace       used 126025K, committed 126912K, reserved 1163264K
  class space    used 17017K, committed 17472K, reserved 1048576K
}

Dll operation events (2 events):
Event: 0.038 Loaded shared library C:\Program Files\Android\Android Studio\jbr\bin\java.dll
Event: 0.479 Loaded shared library C:\Program Files\Android\Android Studio\jbr\bin\verify.dll

Deoptimization events (20 events):
Event: 281.706 Thread 0x000002d9851fa060 Uncommon trap: trap_request=0xffffff45 fr.pc=0x000002d9ec081ad0 relative=0x00000000000001b0
Event: 281.706 Thread 0x000002d9851fa060 Uncommon trap: reason=unstable_if action=reinterpret pc=0x000002d9ec081ad0 method=java.util.regex.Pattern$GroupTail.match(Ljava/util/regex/Matcher;ILjava/lang/CharSequence;)Z @ 13 c2
Event: 281.706 Thread 0x000002d9851fa060 DEOPT PACKING pc=0x000002d9ec081ad0 sp=0x000000fd405fd950
Event: 281.706 Thread 0x000002d9851fa060 DEOPT UNPACKING pc=0x000002d9eb5869a3 sp=0x000000fd405fd8f8 mode 2
Event: 281.988 Thread 0x000002d9851fa060 Uncommon trap: trap_request=0xffffffde fr.pc=0x000002d9ec31a15c relative=0x0000000000000abc
Event: 281.988 Thread 0x000002d9851fa060 Uncommon trap: reason=class_check action=maybe_recompile pc=0x000002d9ec31a15c method=com.google.common.collect.ImmutableMap.copyOf(Ljava/lang/Iterable;)Lcom/google/common/collect/ImmutableMap; @ 50 c2
Event: 281.988 Thread 0x000002d9851fa060 DEOPT PACKING pc=0x000002d9ec31a15c sp=0x000000fd405fe1a0
Event: 281.988 Thread 0x000002d9851fa060 DEOPT UNPACKING pc=0x000002d9eb5869a3 sp=0x000000fd405fe108 mode 2
Event: 285.616 Thread 0x000002d9842a1070 Uncommon trap: trap_request=0xffffff45 fr.pc=0x000002d9ebcd81c4 relative=0x0000000000000364
Event: 285.616 Thread 0x000002d9842a1070 Uncommon trap: reason=unstable_if action=reinterpret pc=0x000002d9ebcd81c4 method=java.lang.ThreadLocal.get()Ljava/lang/Object; @ 11 c2
Event: 285.616 Thread 0x000002d9842a1070 DEOPT PACKING pc=0x000002d9ebcd81c4 sp=0x000000fd3c0fe890
Event: 285.616 Thread 0x000002d9842a1070 DEOPT UNPACKING pc=0x000002d9eb5869a3 sp=0x000000fd3c0fe7e0 mode 2
Event: 288.187 Thread 0x000002d9851fa060 Uncommon trap: trap_request=0xffffff45 fr.pc=0x000002d9ec4754e8 relative=0x00000000000001c8
Event: 288.187 Thread 0x000002d9851fa060 Uncommon trap: reason=unstable_if action=reinterpret pc=0x000002d9ec4754e8 method=jdk.internal.util.ArraysSupport.mismatch([B[BI)I @ 14 c2
Event: 288.187 Thread 0x000002d9851fa060 DEOPT PACKING pc=0x000002d9ec4754e8 sp=0x000000fd405fd750
Event: 288.187 Thread 0x000002d9851fa060 DEOPT UNPACKING pc=0x000002d9eb5869a3 sp=0x000000fd405fd688 mode 2
Event: 288.311 Thread 0x000002d9851fa060 Uncommon trap: trap_request=0xffffff45 fr.pc=0x000002d9ec58636c relative=0x000000000000086c
Event: 288.311 Thread 0x000002d9851fa060 Uncommon trap: reason=unstable_if action=reinterpret pc=0x000002d9ec58636c method=sun.security.provider.SHA2.implDigest([BI)V @ 21 c2
Event: 288.311 Thread 0x000002d9851fa060 DEOPT PACKING pc=0x000002d9ec58636c sp=0x000000fd405fce50
Event: 288.311 Thread 0x000002d9851fa060 DEOPT UNPACKING pc=0x000002d9eb5869a3 sp=0x000000fd405fce10 mode 2

Classes unloaded (16 events):
Event: 273.896 Thread 0x000002d9fa0fa630 Unloading class 0x0000000100f59800 'java/lang/invoke/LambdaForm$DMH+0x0000000100f59800'
Event: 273.896 Thread 0x000002d9fa0fa630 Unloading class 0x0000000100f59400 'java/lang/invoke/LambdaForm$DMH+0x0000000100f59400'
Event: 273.896 Thread 0x000002d9fa0fa630 Unloading class 0x0000000100f58c00 'java/lang/invoke/LambdaForm$DMH+0x0000000100f58c00'
Event: 273.896 Thread 0x000002d9fa0fa630 Unloading class 0x0000000100f58800 'java/lang/invoke/LambdaForm$DMH+0x0000000100f58800'
Event: 273.896 Thread 0x000002d9fa0fa630 Unloading class 0x0000000100f58400 'java/lang/invoke/LambdaForm$DMH+0x0000000100f58400'
Event: 273.896 Thread 0x000002d9fa0fa630 Unloading class 0x0000000100f10c00 'java/lang/invoke/LambdaForm$DMH+0x0000000100f10c00'
Event: 273.896 Thread 0x000002d9fa0fa630 Unloading class 0x0000000100f10400 'java/lang/invoke/LambdaForm$DMH+0x0000000100f10400'
Event: 273.896 Thread 0x000002d9fa0fa630 Unloading class 0x0000000100f10800 'java/lang/invoke/LambdaForm$DMH+0x0000000100f10800'
Event: 273.896 Thread 0x000002d9fa0fa630 Unloading class 0x0000000100ebcc00 'java/lang/invoke/LambdaForm$DMH+0x0000000100ebcc00'
Event: 273.896 Thread 0x000002d9fa0fa630 Unloading class 0x0000000100ebc000 'java/lang/invoke/LambdaForm$DMH+0x0000000100ebc000'
Event: 287.229 Thread 0x000002d9fa0fa630 Unloading class 0x0000000100f59400 'java/lang/invoke/LambdaForm$DMH+0x0000000100f59400'
Event: 287.229 Thread 0x000002d9fa0fa630 Unloading class 0x0000000100ff9400 'java/lang/invoke/LambdaForm$DMH+0x0000000100ff9400'
Event: 287.229 Thread 0x000002d9fa0fa630 Unloading class 0x0000000100ff9000 'java/lang/invoke/LambdaForm$DMH+0x0000000100ff9000'
Event: 287.229 Thread 0x000002d9fa0fa630 Unloading class 0x0000000100ff8800 'java/lang/invoke/LambdaForm$DMH+0x0000000100ff8800'
Event: 287.229 Thread 0x000002d9fa0fa630 Unloading class 0x0000000100ff8400 'java/lang/invoke/LambdaForm$DMH+0x0000000100ff8400'
Event: 287.229 Thread 0x000002d9fa0fa630 Unloading class 0x0000000100fd4400 'java/lang/invoke/LambdaForm$DMH+0x0000000100fd4400'

Classes redefined (0 events):
No events

Internal exceptions (20 events):
Event: 276.829 Thread 0x000002d9842a1070 Exception <a 'sun/nio/fs/WindowsException'{0x000000008c5f9a10}> (0x000000008c5f9a10) 
thrown [s\src\hotspot\share\prims\jni.cpp, line 517]
Event: 276.832 Thread 0x000002d9842a1070 Exception <a 'sun/nio/fs/WindowsException'{0x000000008c2c0ee8}> (0x000000008c2c0ee8) 
thrown [s\src\hotspot\share\prims\jni.cpp, line 517]
Event: 276.834 Thread 0x000002d9842a1070 Exception <a 'sun/nio/fs/WindowsException'{0x000000008c2c7eb8}> (0x000000008c2c7eb8) 
thrown [s\src\hotspot\share\prims\jni.cpp, line 517]
Event: 276.836 Thread 0x000002d9842a1070 Exception <a 'sun/nio/fs/WindowsException'{0x000000008c2d76f0}> (0x000000008c2d76f0) 
thrown [s\src\hotspot\share\prims\jni.cpp, line 517]
Event: 276.838 Thread 0x000002d9842a1070 Exception <a 'sun/nio/fs/WindowsException'{0x000000008c2de490}> (0x000000008c2de490) 
thrown [s\src\hotspot\share\prims\jni.cpp, line 517]
Event: 276.840 Thread 0x000002d9842a1070 Exception <a 'sun/nio/fs/WindowsException'{0x000000008c2e5510}> (0x000000008c2e5510) 
thrown [s\src\hotspot\share\prims\jni.cpp, line 517]
Event: 277.597 Thread 0x000002d9851fda20 Exception <a 'java/lang/NoSuchMethodError'{0x000000008bc80158}: static Lkotlin/InitializedLazyImpl;.<clinit>()V> (0x000000008bc80158) 
thrown [s\src\hotspot\share\prims\jni.cpp, line 1108]
Event: 277.679 Thread 0x000002d9fd376990 Exception <a 'sun/nio/fs/WindowsException'{0x000000008b9610d8}> (0x000000008b9610d8) 
thrown [s\src\hotspot\share\prims\jni.cpp, line 517]
Event: 277.679 Thread 0x000002d9fd376990 Exception <a 'sun/nio/fs/WindowsException'{0x000000008b9614b8}> (0x000000008b9614b8) 
thrown [s\src\hotspot\share\prims\jni.cpp, line 517]
Event: 277.906 Thread 0x000002d9842a1a10 Exception <a 'sun/nio/fs/WindowsException'{0x000000008b7b3ac8}> (0x000000008b7b3ac8) 
thrown [s\src\hotspot\share\prims\jni.cpp, line 517]
Event: 278.198 Thread 0x000002d9842a1a10 Exception <a 'java/lang/NoSuchMethodError'{0x00000000901bc8f0}: 'long java.lang.invoke.DirectMethodHandle$Holder.invokeStatic(java.lang.Object, java.lang.Object, java.lang.Object)'> (0x00000000901bc8f0) 
thrown [s\src\hotspot\share\interpreter\linkResolver.cpp, line 771]
Event: 278.298 Thread 0x000002d9842a1a10 Exception <a 'sun/nio/fs/WindowsException'{0x000000008f72f188}> (0x000000008f72f188) 
thrown [s\src\hotspot\share\prims\jni.cpp, line 517]
Event: 280.121 Thread 0x000002d9851fa060 Exception <a 'sun/nio/fs/WindowsException'{0x000000008f338d58}> (0x000000008f338d58) 
thrown [s\src\hotspot\share\prims\jni.cpp, line 517]
Event: 281.604 Thread 0x000002d9851fa060 Exception <a 'java/lang/NoSuchMethodError'{0x000000008f280150}: 'java.lang.Object java.lang.invoke.DirectMethodHandle$Holder.newInvokeSpecial(java.lang.Object, java.lang.Object, java.lang.Object, java.lang.Object, java.lang.Object, int, java.lang.Object)'> (0x000000008f280150) 
thrown [s\src\hotspot\share\interpreter\linkResolver.cpp, line 771]
Event: 281.605 Thread 0x000002d9851fa060 Exception <a 'java/lang/NoSuchMethodError'{0x000000008f289660}: 'java.lang.Object java.lang.invoke.Invokers$Holder.linkToTargetMethod(java.lang.Object, java.lang.Object, java.lang.Object, java.lang.Object, int, java.lang.Object, java.lang.Object)'> (0x000000008f289660) 
thrown [s\src\hotspot\share\interpreter\linkResolver.cpp, line 771]
Event: 281.670 Thread 0x000002d9851fa060 Exception <a 'java/lang/NoSuchMethodError'{0x000000008f115130}: 'java.lang.Object java.lang.invoke.DirectMethodHandle$Holder.newInvokeSpecial(java.lang.Object, java.lang.Object, java.lang.Object, java.lang.Object, java.lang.Object, java.lang.Object, java.lang.Object, int)'> (0x000000008f115130) 
thrown [s\src\hotspot\share\interpreter\linkResolver.cpp, line 771]
Event: 281.671 Thread 0x000002d9851fa060 Exception <a 'java/lang/NoSuchMethodError'{0x000000008f11a6e0}: 'java.lang.Object java.lang.invoke.DirectMethodHandle$Holder.invokeSpecial(java.lang.Object, java.lang.Object, java.lang.Object, java.lang.Object, java.lang.Object, java.lang.Object, java.lang.Object, java.lang.Object, int)'> (0x000000008f11a6e0) 
thrown [s\src\hotspot\share\interpreter\linkResolver.cpp, line 771]
Event: 281.671 Thread 0x000002d9851fa060 Exception <a 'java/lang/NoSuchMethodError'{0x000000008f11f408}: 'java.lang.Object java.lang.invoke.Invokers$Holder.linkToTargetMethod(java.lang.Object, java.lang.Object, java.lang.Object, java.lang.Object, java.lang.Object, java.lang.Object, int, java.lang.Object)'> (0x000000008f11f408) 
thrown [s\src\hotspot\share\interpreter\linkResolver.cpp, line 771]
Event: 285.616 Thread 0x000002d9842a1070 Implicit null exception at 0x000002d9ebcd7e8f to 0x000002d9ebcd81b4
Event: 288.334 Thread 0x000002d9851fa060 Exception <a 'java/lang/NoSuchMethodError'{0x00000000907d7630}: 'java.lang.Object java.lang.invoke.DirectMethodHandle$Holder.invokeVirtual(java.lang.Object, java.lang.Object, int)'> (0x00000000907d7630) 
thrown [s\src\hotspot\share\interpreter\linkResolver.cpp, line 771]

VM Operations (20 events):
Event: 283.608 Executing VM operation: Cleanup
Event: 283.609 Executing VM operation: Cleanup done
Event: 285.609 Executing VM operation: Cleanup
Event: 285.615 Executing VM operation: Cleanup done
Event: 285.619 Executing VM operation: HandshakeAllThreads
Event: 285.619 Executing VM operation: HandshakeAllThreads done
Event: 285.818 Executing VM operation: HandshakeAllThreads
Event: 285.818 Executing VM operation: HandshakeAllThreads done
Event: 286.819 Executing VM operation: Cleanup
Event: 286.819 Executing VM operation: Cleanup done
Event: 286.907 Executing VM operation: G1TryInitiateConcMark
Event: 286.916 Executing VM operation: G1TryInitiateConcMark done
Event: 286.917 Executing VM operation: G1TryInitiateConcMark
Event: 286.922 Executing VM operation: G1TryInitiateConcMark done
Event: 287.049 Executing VM operation: G1TryInitiateConcMark
Event: 287.053 Executing VM operation: G1TryInitiateConcMark done
Event: 287.228 Executing VM operation: G1Concurrent
Event: 287.243 Executing VM operation: G1Concurrent done
Event: 287.330 Executing VM operation: G1Concurrent
Event: 287.330 Executing VM operation: G1Concurrent done

Events (20 events):
Event: 286.485 loading class java/nio/BufferOverflowException done
Event: 286.553 loading class java/security/DigestException
Event: 286.553 loading class java/security/DigestException done
Event: 286.554 loading class java/security/InvalidAlgorithmParameterException
Event: 286.575 loading class java/security/InvalidAlgorithmParameterException done
Event: 286.866 loading class java/security/spec/InvalidKeySpecException
Event: 286.890 loading class java/security/spec/InvalidKeySpecException done
Event: 286.900 loading class java/security/spec/MGF1ParameterSpec
Event: 286.900 loading class java/security/spec/MGF1ParameterSpec done
Event: 286.906 loading class java/util/concurrent/ForkJoinTask$AdaptedRunnableAction
Event: 286.906 loading class java/util/concurrent/ForkJoinTask$AdaptedRunnableAction done
Event: 286.907 Thread 0x000002d9fd378670 Thread added: 0x000002d9fd378670
Event: 286.907 Thread 0x000002d9842a1540 Thread added: 0x000002d9842a1540
Event: 288.187 loading class sun/security/rsa/RSACore$BlindingParameters
Event: 288.257 loading class sun/security/rsa/RSACore$BlindingParameters done
Event: 288.257 loading class sun/security/jca/JCAUtil$CachedSecureRandomHolder
Event: 288.311 loading class sun/security/jca/JCAUtil$CachedSecureRandomHolder done
Event: 288.316 loading class sun/security/rsa/RSACore$BlindingRandomPair
Event: 288.316 Thread 0x000002d981fbfda0 Thread added: 0x000002d981fbfda0
Event: 288.316 loading class sun/security/rsa/RSACore$BlindingRandomPair done


Dynamic libraries:
0x00007ff632fb0000 - 0x00007ff632fba000 	C:\Program Files\Android\Android Studio\jbr\bin\java.exe
0x00007fff512f0000 - 0x00007fff51504000 	C:\Windows\SYSTEM32\ntdll.dll
0x00007fff4f250000 - 0x00007fff4f312000 	C:\Windows\System32\KERNEL32.DLL
0x00007fff4ed60000 - 0x00007fff4f0fc000 	C:\Windows\System32\KERNELBASE.dll
0x00007fff4ea30000 - 0x00007fff4eb41000 	C:\Windows\System32\ucrtbase.dll
0x00007fff40580000 - 0x00007fff40597000 	C:\Program Files\Android\Android Studio\jbr\bin\jli.dll
0x00007fff4ff60000 - 0x00007fff5010b000 	C:\Windows\System32\USER32.dll
0x00007fff4eb50000 - 0x00007fff4eb76000 	C:\Windows\System32\win32u.dll
0x00007fff4ff30000 - 0x00007fff4ff59000 	C:\Windows\System32\GDI32.dll
0x00007fff4e870000 - 0x00007fff4e982000 	C:\Windows\System32\gdi32full.dll
0x00007fff4e990000 - 0x00007fff4ea2a000 	C:\Windows\System32\msvcp_win.dll
0x00007fff3eff0000 - 0x00007fff3f00b000 	C:\Program Files\Android\Android Studio\jbr\bin\VCRUNTIME140.dll
0x00007fff3e6b0000 - 0x00007fff3e93e000 	C:\Windows\WinSxS\amd64_microsoft.windows.common-controls_6595b64144ccf1df_6.0.22621.317_none_a9434687c10c9fa2\COMCTL32.dll
0x00007fff4f100000 - 0x00007fff4f1a7000 	C:\Windows\System32\msvcrt.dll
0x00007fff4fef0000 - 0x00007fff4ff21000 	C:\Windows\System32\IMM32.DLL
0x00007fff4b5c0000 - 0x00007fff4b5cc000 	C:\Program Files\Android\Android Studio\jbr\bin\vcruntime140_1.dll
0x00007fff3ef60000 - 0x00007fff3efed000 	C:\Program Files\Android\Android Studio\jbr\bin\msvcp140.dll
0x00007fff14f10000 - 0x00007fff15b7d000 	C:\Program Files\Android\Android Studio\jbr\bin\server\jvm.dll
0x00007fff51050000 - 0x00007fff510fe000 	C:\Windows\System32\ADVAPI32.dll
0x00007fff501c0000 - 0x00007fff50264000 	C:\Windows\System32\sechost.dll
0x00007fff508f0000 - 0x00007fff50a05000 	C:\Windows\System32\RPCRT4.dll
0x00007fff400c0000 - 0x00007fff400f4000 	C:\Windows\SYSTEM32\WINMM.dll
0x00007fff496a0000 - 0x00007fff496a9000 	C:\Windows\SYSTEM32\WSOCK32.dll
0x00007fff50a10000 - 0x00007fff50a81000 	C:\Windows\System32\WS2_32.dll
0x00007fff3e0c0000 - 0x00007fff3e0ca000 	C:\Windows\SYSTEM32\VERSION.dll
0x00007fff4d7b0000 - 0x00007fff4d7c8000 	C:\Windows\SYSTEM32\kernel.appcore.dll
0x00007fff3da50000 - 0x00007fff3da5a000 	C:\Program Files\Android\Android Studio\jbr\bin\jimage.dll
0x00007fff3b260000 - 0x00007fff3b48e000 	C:\Windows\SYSTEM32\DBGHELP.DLL
0x00007fff50cc0000 - 0x00007fff51049000 	C:\Windows\System32\combase.dll
0x00007fff50270000 - 0x00007fff50347000 	C:\Windows\System32\OLEAUT32.dll
0x00007fff3b220000 - 0x00007fff3b252000 	C:\Windows\SYSTEM32\dbgcore.DLL
0x00007fff4e7f0000 - 0x00007fff4e86b000 	C:\Windows\System32\bcryptPrimitives.dll
0x00007fff14ee0000 - 0x00007fff14f05000 	C:\Program Files\Android\Android Studio\jbr\bin\java.dll
0x00007fff2ea10000 - 0x00007fff2ea28000 	C:\Program Files\Android\Android Studio\jbr\bin\zip.dll
0x00007fff4f660000 - 0x00007fff4fe3b000 	C:\Windows\System32\SHELL32.dll
0x00007fff4c790000 - 0x00007fff4d045000 	C:\Windows\SYSTEM32\windows.storage.dll
0x00007fff4c650000 - 0x00007fff4c78d000 	C:\Windows\SYSTEM32\wintypes.dll
0x00007fff51180000 - 0x00007fff51271000 	C:\Windows\System32\SHCORE.dll
0x00007fff4fe90000 - 0x00007fff4feee000 	C:\Windows\System32\shlwapi.dll
0x00007fff4e660000 - 0x00007fff4e681000 	C:\Windows\SYSTEM32\profapi.dll
0x00007fff2e9a0000 - 0x00007fff2e9b9000 	C:\Program Files\Android\Android Studio\jbr\bin\net.dll
0x00007fff471a0000 - 0x00007fff472cf000 	C:\Windows\SYSTEM32\WINHTTP.dll
0x00007fff4dc10000 - 0x00007fff4dc79000 	C:\Windows\system32\mswsock.dll
0x00007fff2e8a0000 - 0x00007fff2e8b6000 	C:\Program Files\Android\Android Studio\jbr\bin\nio.dll
0x00007fff2e890000 - 0x00007fff2e8a0000 	C:\Program Files\Android\Android Studio\jbr\bin\verify.dll
0x00007fff3f010000 - 0x00007fff3f037000 	C:\Users\ahmed\.gradle\native\68d5fa5c4cc2d200863cafc0d521ce42e7d3e7ee720ec0a83991735586a16f82\windows-amd64\native-platform.dll
0x00007fff3ec90000 - 0x00007fff3edd4000 	C:\Users\ahmed\.gradle\native\e376f236ea51e6404a007f0833ffe2c6e607c4080706a723a18a27aeea778392\windows-amd64\native-platform-file-events.dll
0x00007fff4b530000 - 0x00007fff4b539000 	C:\Program Files\Android\Android Studio\jbr\bin\management.dll
0x00007fff4b520000 - 0x00007fff4b52b000 	C:\Program Files\Android\Android Studio\jbr\bin\management_ext.dll
0x00007fff508e0000 - 0x00007fff508e8000 	C:\Windows\System32\PSAPI.DLL
0x00007fff4ded0000 - 0x00007fff4deeb000 	C:\Windows\SYSTEM32\CRYPTSP.dll
0x00007fff4d720000 - 0x00007fff4d755000 	C:\Windows\system32\rsaenh.dll
0x00007fff4dd70000 - 0x00007fff4dd98000 	C:\Windows\SYSTEM32\USERENV.dll
0x00007fff4e080000 - 0x00007fff4e0a8000 	C:\Windows\SYSTEM32\bcrypt.dll
0x00007fff4dec0000 - 0x00007fff4decc000 	C:\Windows\SYSTEM32\CRYPTBASE.dll
0x00007fff4d290000 - 0x00007fff4d2bd000 	C:\Windows\SYSTEM32\IPHLPAPI.DLL
0x00007fff50350000 - 0x00007fff50359000 	C:\Windows\System32\NSI.dll
0x00007fff48090000 - 0x00007fff480a9000 	C:\Windows\SYSTEM32\dhcpcsvc6.DLL
0x00007fff47180000 - 0x00007fff4719f000 	C:\Windows\SYSTEM32\dhcpcsvc.DLL
0x00007fff4d2c0000 - 0x00007fff4d3b2000 	C:\Windows\SYSTEM32\DNSAPI.dll
0x00007fff276b0000 - 0x00007fff276b8000 	C:\Windows\system32\wshunix.dll
0x00007fff4b5b0000 - 0x00007fff4b5b7000 	C:\Program Files\Android\Android Studio\jbr\bin\rmi.dll

dbghelp: loaded successfully - version: 4.0.5 - missing functions: none
symbol engine: initialized successfully - sym options: 0x614 - pdb path: .;C:\Program Files\Android\Android Studio\jbr\bin;C:\Windows\SYSTEM32;C:\Windows\WinSxS\amd64_microsoft.windows.common-controls_6595b64144ccf1df_6.0.22621.317_none_a9434687c10c9fa2;C:\Program Files\Android\Android Studio\jbr\bin\server;C:\Users\ahmed\.gradle\native\68d5fa5c4cc2d200863cafc0d521ce42e7d3e7ee720ec0a83991735586a16f82\windows-amd64;C:\Users\ahmed\.gradle\native\e376f236ea51e6404a007f0833ffe2c6e607c4080706a723a18a27aeea778392\windows-amd64

VM Arguments:
jvm_args: --add-opens=java.base/java.util=ALL-UNNAMED --add-opens=java.base/java.lang=ALL-UNNAMED --add-opens=java.base/java.lang.invoke=ALL-UNNAMED --add-opens=java.prefs/java.util.prefs=ALL-UNNAMED --add-opens=java.base/java.nio.charset=ALL-UNNAMED --add-opens=java.base/java.net=ALL-UNNAMED --add-opens=java.base/java.util.concurrent.atomic=ALL-UNNAMED -Xmx2048m -Dfile.encoding=UTF-8 -Duser.country=US -Duser.language=en -Duser.variant 
java_command: org.gradle.launcher.daemon.bootstrap.GradleDaemon 8.0
java_class_path (initial): C:\Users\ahmed\.gradle\wrapper\dists\gradle-8.0-bin\ca5e32bp14vu59qr306oxotwh\gradle-8.0\lib\gradle-launcher-8.0.jar
Launcher Type: SUN_STANDARD

[Global flags]
     intx CICompilerCount                          = 3                                         {product} {ergonomic}
     uint ConcGCThreads                            = 1                                         {product} {ergonomic}
     uint G1ConcRefinementThreads                  = 4                                         {product} {ergonomic}
   size_t G1HeapRegionSize                         = 1048576                                   {product} {ergonomic}
    uintx GCDrainStackTargetSize                   = 64                                        {product} {ergonomic}
   size_t InitialHeapSize                          = 134217728                                 {product} {ergonomic}
   size_t MarkStackSize                            = 4194304                                   {product} {ergonomic}
   size_t MaxHeapSize                              = 2147483648                                {product} {command line}
   size_t MaxNewSize                               = 1287651328                                {product} {ergonomic}
   size_t MinHeapDeltaBytes                        = 1048576                                   {product} {ergonomic}
   size_t MinHeapSize                              = 8388608                                   {product} {ergonomic}
    uintx NonNMethodCodeHeapSize                   = 5832780                                {pd product} {ergonomic}
    uintx NonProfiledCodeHeapSize                  = 122912730                              {pd product} {ergonomic}
    uintx ProfiledCodeHeapSize                     = 122912730                              {pd product} {ergonomic}
    uintx ReservedCodeCacheSize                    = 251658240                              {pd product} {ergonomic}
     bool SegmentedCodeCache                       = true                                      {product} {ergonomic}
   size_t SoftMaxHeapSize                          = 2147483648                             {manageable} {ergonomic}
     bool UseCompressedClassPointers               = true                           {product lp64_product} {ergonomic}
     bool UseCompressedOops                        = true                           {product lp64_product} {ergonomic}
     bool UseG1GC                                  = true                                      {product} {ergonomic}
     bool UseLargePagesIndividualAllocation        = false                                  {pd product} {ergonomic}

Logging:
Log output configuration:
 #0: stdout all=warning uptime,level,tags
 #1: stderr all=off uptime,level,tags

Environment Variables:
PATH=C:\Program Files\Eclipse Adoptium\jdk-17.0.7.7-hotspot\bin;C:\Program Files\Common Files\Oracle\Java\javapath;C:\Windows\system32;C:\Windows;C:\Windows\System32\Wbem;C:\Windows\System32\WindowsPowerShell\v1.0\;C:\Windows\System32\OpenSSH\;C:\Program Files\dotnet\;C:\Program Files\nodejs\;C:\ProgramData\chocolatey\bin;C:\xampp\php;C:\composer;C:\ProgramData\ComposerSetup\bin;C:\Program Files\Git\cmd;C:\Users\ahmed\AppData\Local\Microsoft\WindowsApps;C:\Users\ahmed\AppData\Roaming\npm;C:\Users\ahmed\AppData\Local\Programs\Microsoft VS Code\bin;C:\Users\ahmed\AppData\Roaming\Composer\vendor\bin;C:\Program Files\heroku\bin
USERNAME=ahmed
OS=Windows_NT
PROCESSOR_IDENTIFIER=Intel64 Family 6 Model 58 Stepping 9, GenuineIntel
TMP=C:\Users\ahmed\AppData\Local\Temp
TEMP=C:\Users\ahmed\AppData\Local\Temp



---------------  S Y S T E M  ---------------

OS:
 Windows 11 , 64 bit Build 22621 (10.0.22621.457)
OS uptime: 0 days 2:30 hours

CPU: total 4 (initial active 4) (4 cores per cpu, 1 threads per core) family 6 model 58 stepping 9 microcode 0x21, cx8, cmov, fxsr, mmx, sse, sse2, sse3, ssse3, sse4.1, sse4.2, popcnt, tsc, tscinvbit, avx, aes, erms, clmul, vzeroupper, clflush

Memory: 4k page, system-wide physical 8066M (422M free)
TotalPageFile size 10114M (AvailPageFile size 4M)
current process WorkingSet (physical memory assigned to process): 510M, peak: 555M
current process commit charge ("private bytes"): 612M, peak: 650M

vm_info: OpenJDK 64-Bit Server VM (17.0.6+0-b2043.56-9586694) for windows-amd64 JRE (17.0.6+0-b2043.56-9586694), built on Feb  9 2023 20:06:20 by "androidbuild" with MS VC++ 16.10 / 16.11 (VS2019)

END.
